[0.239s] Invoking command in '/home/daniiarr/colcon_ws/build/turtlebot3_description': CMAKE_PREFIX_PATH=/opt/ros/foxy /usr/bin/cmake /home/daniiarr/colcon_ws/src/turtlebot3/turtlebot3_description -DCMAKE_INSTALL_PREFIX=/home/daniiarr/colcon_ws/install/turtlebot3_description
[0.439s] -- The C compiler identification is GNU 9.4.0
[0.479s] -- The CXX compiler identification is GNU 9.4.0
[0.487s] -- Check for working C compiler: /usr/bin/cc
[0.555s] -- Check for working C compiler: /usr/bin/cc -- works
[0.556s] -- Detecting C compiler ABI info
[0.621s] -- Detecting C compiler ABI info - done
[0.629s] -- Detecting C compile features
[0.629s] -- Detecting C compile features - done
[0.631s] -- Check for working CXX compiler: /usr/bin/c++
[0.706s] -- Check for working CXX compiler: /usr/bin/c++ -- works
[0.707s] -- Detecting CXX compiler ABI info
[0.794s] -- Detecting CXX compiler ABI info - done
[0.801s] -- Detecting CXX compile features
[0.802s] -- Detecting CXX compile features - done
[0.803s] -- Found ament_cmake: 0.9.12 (/opt/ros/foxy/share/ament_cmake/cmake)
[0.819s] -- Found PythonInterp: /usr/bin/python3 (found suitable version "3.8.10", minimum required is "3") 
[0.819s] -- Using PYTHON_EXECUTABLE: /usr/bin/python3
[0.961s] -- Found urdf: 2.4.0 (/opt/ros/foxy/share/urdf/cmake)
[1.030s] -- Configuring done
[1.030s] -- Generating done
[1.030s] -- Build files have been written to: /home/daniiarr/colcon_ws/build/turtlebot3_description
[1.072s] Invoked command in '/home/daniiarr/colcon_ws/build/turtlebot3_description' returned '0': CMAKE_PREFIX_PATH=/opt/ros/foxy /usr/bin/cmake /home/daniiarr/colcon_ws/src/turtlebot3/turtlebot3_description -DCMAKE_INSTALL_PREFIX=/home/daniiarr/colcon_ws/install/turtlebot3_description
[1.073s] Invoking command in '/home/daniiarr/colcon_ws/build/turtlebot3_description': CMAKE_PREFIX_PATH=/opt/ros/foxy /usr/bin/cmake --build /home/daniiarr/colcon_ws/build/turtlebot3_description -- -j4 -l4
[1.104s] Invoked command in '/home/daniiarr/colcon_ws/build/turtlebot3_description' returned '0': CMAKE_PREFIX_PATH=/opt/ros/foxy /usr/bin/cmake --build /home/daniiarr/colcon_ws/build/turtlebot3_description -- -j4 -l4
[1.151s] Invoking command in '/home/daniiarr/colcon_ws/build/turtlebot3_description': CMAKE_PREFIX_PATH=/opt/ros/foxy /usr/bin/cmake --install /home/daniiarr/colcon_ws/build/turtlebot3_description
[1.156s] -- Install configuration: ""
[1.156s] -- Installing: /home/daniiarr/colcon_ws/install/turtlebot3_description/share/turtlebot3_description/meshes
[1.156s] -- Installing: /home/daniiarr/colcon_ws/install/turtlebot3_description/share/turtlebot3_description/meshes/bases
[1.156s] -- Installing: /home/daniiarr/colcon_ws/install/turtlebot3_description/share/turtlebot3_description/meshes/bases/waffle_base.stl
[1.169s] -- Installing: /home/daniiarr/colcon_ws/install/turtlebot3_description/share/turtlebot3_description/meshes/bases/waffle_pi_base.stl
[1.175s] -- Installing: /home/daniiarr/colcon_ws/install/turtlebot3_description/share/turtlebot3_description/meshes/bases/burger_base.stl
[1.178s] -- Installing: /home/daniiarr/colcon_ws/install/turtlebot3_description/share/turtlebot3_description/meshes/sensors
[1.178s] -- Installing: /home/daniiarr/colcon_ws/install/turtlebot3_description/share/turtlebot3_description/meshes/sensors/astra.dae
[1.186s] -- Installing: /home/daniiarr/colcon_ws/install/turtlebot3_description/share/turtlebot3_description/meshes/sensors/r200.jpg
[1.186s] -- Installing: /home/daniiarr/colcon_ws/install/turtlebot3_description/share/turtlebot3_description/meshes/sensors/astra.jpg
[1.186s] -- Installing: /home/daniiarr/colcon_ws/install/turtlebot3_description/share/turtlebot3_description/meshes/sensors/r200.dae
[1.186s] -- Installing: /home/daniiarr/colcon_ws/install/turtlebot3_description/share/turtlebot3_description/meshes/sensors/lds.stl
[1.186s] -- Installing: /home/daniiarr/colcon_ws/install/turtlebot3_description/share/turtlebot3_description/meshes/wheels
[1.186s] -- Installing: /home/daniiarr/colcon_ws/install/turtlebot3_description/share/turtlebot3_description/meshes/wheels/left_tire.stl
[1.188s] -- Installing: /home/daniiarr/colcon_ws/install/turtlebot3_description/share/turtlebot3_description/meshes/wheels/right_tire.stl
[1.190s] -- Installing: /home/daniiarr/colcon_ws/install/turtlebot3_description/share/turtlebot3_description/rviz
[1.191s] -- Installing: /home/daniiarr/colcon_ws/install/turtlebot3_description/share/turtlebot3_description/rviz/model.rviz
[1.191s] -- Installing: /home/daniiarr/colcon_ws/install/turtlebot3_description/share/turtlebot3_description/urdf
[1.191s] -- Installing: /home/daniiarr/colcon_ws/install/turtlebot3_description/share/turtlebot3_description/urdf/turtlebot3_waffle_pi.urdf
[1.191s] -- Installing: /home/daniiarr/colcon_ws/install/turtlebot3_description/share/turtlebot3_description/urdf/turtlebot3_burger.urdf
[1.191s] -- Installing: /home/daniiarr/colcon_ws/install/turtlebot3_description/share/turtlebot3_description/urdf/common_properties.urdf
[1.191s] -- Installing: /home/daniiarr/colcon_ws/install/turtlebot3_description/share/turtlebot3_description/urdf/turtlebot3_waffle.urdf
[1.191s] -- Installing: /home/daniiarr/colcon_ws/install/turtlebot3_description/share/ament_index/resource_index/package_run_dependencies/turtlebot3_description
[1.191s] -- Installing: /home/daniiarr/colcon_ws/install/turtlebot3_description/share/ament_index/resource_index/parent_prefix_path/turtlebot3_description
[1.191s] -- Installing: /home/daniiarr/colcon_ws/install/turtlebot3_description/share/turtlebot3_description/environment/ament_prefix_path.sh
[1.191s] -- Installing: /home/daniiarr/colcon_ws/install/turtlebot3_description/share/turtlebot3_description/environment/ament_prefix_path.dsv
[1.191s] -- Installing: /home/daniiarr/colcon_ws/install/turtlebot3_description/share/turtlebot3_description/environment/path.sh
[1.191s] -- Installing: /home/daniiarr/colcon_ws/install/turtlebot3_description/share/turtlebot3_description/environment/path.dsv
[1.191s] -- Installing: /home/daniiarr/colcon_ws/install/turtlebot3_description/share/turtlebot3_description/local_setup.bash
[1.191s] -- Installing: /home/daniiarr/colcon_ws/install/turtlebot3_description/share/turtlebot3_description/local_setup.sh
[1.191s] -- Installing: /home/daniiarr/colcon_ws/install/turtlebot3_description/share/turtlebot3_description/local_setup.zsh
[1.191s] -- Installing: /home/daniiarr/colcon_ws/install/turtlebot3_description/share/turtlebot3_description/local_setup.dsv
[1.191s] -- Installing: /home/daniiarr/colcon_ws/install/turtlebot3_description/share/turtlebot3_description/package.dsv
[1.194s] -- Installing: /home/daniiarr/colcon_ws/install/turtlebot3_description/share/ament_index/resource_index/packages/turtlebot3_description
[1.194s] -- Installing: /home/daniiarr/colcon_ws/install/turtlebot3_description/share/turtlebot3_description/cmake/turtlebot3_descriptionConfig.cmake
[1.195s] -- Installing: /home/daniiarr/colcon_ws/install/turtlebot3_description/share/turtlebot3_description/cmake/turtlebot3_descriptionConfig-version.cmake
[1.195s] -- Installing: /home/daniiarr/colcon_ws/install/turtlebot3_description/share/turtlebot3_description/package.xml
[1.241s] Invoked command in '/home/daniiarr/colcon_ws/build/turtlebot3_description' returned '0': CMAKE_PREFIX_PATH=/opt/ros/foxy /usr/bin/cmake --install /home/daniiarr/colcon_ws/build/turtlebot3_description
