[0.515s] Invoking command in '/home/daniiarr/colcon_ws/src/turtlebot3/turtlebot3_teleop': PYTHONPATH=/home/daniiarr/colcon_ws/build/turtlebot3_teleop/prefix_override:/home/daniiarr/colcon_ws/install/turtlebot3_teleop/lib/python3.8/site-packages:${PYTHONPATH} /usr/bin/python3 setup.py egg_info --egg-base ../../../build/turtlebot3_teleop build --build-base /home/daniiarr/colcon_ws/build/turtlebot3_teleop/build install --record /home/daniiarr/colcon_ws/build/turtlebot3_teleop/install.log --single-version-externally-managed
[0.638s] running egg_info
[0.638s] creating ../../../build/turtlebot3_teleop/turtlebot3_teleop.egg-info
[0.638s] writing ../../../build/turtlebot3_teleop/turtlebot3_teleop.egg-info/PKG-INFO
[0.638s] writing dependency_links to ../../../build/turtlebot3_teleop/turtlebot3_teleop.egg-info/dependency_links.txt
[0.639s] writing entry points to ../../../build/turtlebot3_teleop/turtlebot3_teleop.egg-info/entry_points.txt
[0.639s] writing requirements to ../../../build/turtlebot3_teleop/turtlebot3_teleop.egg-info/requires.txt
[0.639s] writing top-level names to ../../../build/turtlebot3_teleop/turtlebot3_teleop.egg-info/top_level.txt
[0.640s] writing manifest file '../../../build/turtlebot3_teleop/turtlebot3_teleop.egg-info/SOURCES.txt'
[0.658s] reading manifest file '../../../build/turtlebot3_teleop/turtlebot3_teleop.egg-info/SOURCES.txt'
[0.659s] writing manifest file '../../../build/turtlebot3_teleop/turtlebot3_teleop.egg-info/SOURCES.txt'
[0.659s] running build
[0.659s] running build_py
[0.659s] creating /home/daniiarr/colcon_ws/build/turtlebot3_teleop/build
[0.659s] creating /home/daniiarr/colcon_ws/build/turtlebot3_teleop/build/lib
[0.659s] creating /home/daniiarr/colcon_ws/build/turtlebot3_teleop/build/lib/turtlebot3_teleop
[0.659s] copying turtlebot3_teleop/__init__.py -> /home/daniiarr/colcon_ws/build/turtlebot3_teleop/build/lib/turtlebot3_teleop
[0.659s] creating /home/daniiarr/colcon_ws/build/turtlebot3_teleop/build/lib/turtlebot3_teleop/script
[0.659s] copying turtlebot3_teleop/script/teleop_keyboard.py -> /home/daniiarr/colcon_ws/build/turtlebot3_teleop/build/lib/turtlebot3_teleop/script
[0.659s] copying turtlebot3_teleop/script/__init__.py -> /home/daniiarr/colcon_ws/build/turtlebot3_teleop/build/lib/turtlebot3_teleop/script
[0.659s] running install
[0.660s] running install_lib
[0.660s] creating /home/daniiarr/colcon_ws/install/turtlebot3_teleop/lib/python3.8/site-packages/turtlebot3_teleop
[0.660s] creating /home/daniiarr/colcon_ws/install/turtlebot3_teleop/lib/python3.8/site-packages/turtlebot3_teleop/script
[0.660s] copying /home/daniiarr/colcon_ws/build/turtlebot3_teleop/build/lib/turtlebot3_teleop/script/teleop_keyboard.py -> /home/daniiarr/colcon_ws/install/turtlebot3_teleop/lib/python3.8/site-packages/turtlebot3_teleop/script
[0.660s] copying /home/daniiarr/colcon_ws/build/turtlebot3_teleop/build/lib/turtlebot3_teleop/script/__init__.py -> /home/daniiarr/colcon_ws/install/turtlebot3_teleop/lib/python3.8/site-packages/turtlebot3_teleop/script
[0.661s] copying /home/daniiarr/colcon_ws/build/turtlebot3_teleop/build/lib/turtlebot3_teleop/__init__.py -> /home/daniiarr/colcon_ws/install/turtlebot3_teleop/lib/python3.8/site-packages/turtlebot3_teleop
[0.661s] byte-compiling /home/daniiarr/colcon_ws/install/turtlebot3_teleop/lib/python3.8/site-packages/turtlebot3_teleop/script/teleop_keyboard.py to teleop_keyboard.cpython-38.pyc
[0.662s] byte-compiling /home/daniiarr/colcon_ws/install/turtlebot3_teleop/lib/python3.8/site-packages/turtlebot3_teleop/script/__init__.py to __init__.cpython-38.pyc
[0.662s] byte-compiling /home/daniiarr/colcon_ws/install/turtlebot3_teleop/lib/python3.8/site-packages/turtlebot3_teleop/__init__.py to __init__.cpython-38.pyc
[0.662s] running install_data
[0.663s] creating /home/daniiarr/colcon_ws/install/turtlebot3_teleop/share/ament_index
[0.663s] creating /home/daniiarr/colcon_ws/install/turtlebot3_teleop/share/ament_index/resource_index
[0.663s] creating /home/daniiarr/colcon_ws/install/turtlebot3_teleop/share/ament_index/resource_index/packages
[0.663s] copying resource/turtlebot3_teleop -> /home/daniiarr/colcon_ws/install/turtlebot3_teleop/share/ament_index/resource_index/packages
[0.663s] copying package.xml -> /home/daniiarr/colcon_ws/install/turtlebot3_teleop/share/turtlebot3_teleop
[0.663s] running install_egg_info
[0.664s] Copying ../../../build/turtlebot3_teleop/turtlebot3_teleop.egg-info to /home/daniiarr/colcon_ws/install/turtlebot3_teleop/lib/python3.8/site-packages/turtlebot3_teleop-2.1.4-py3.8.egg-info
[0.664s] running install_scripts
[0.674s] Installing teleop_keyboard script to /home/daniiarr/colcon_ws/install/turtlebot3_teleop/lib/turtlebot3_teleop
[0.674s] writing list of installed files to '/home/daniiarr/colcon_ws/build/turtlebot3_teleop/install.log'
[0.690s] Invoked command in '/home/daniiarr/colcon_ws/src/turtlebot3/turtlebot3_teleop' returned '0': PYTHONPATH=/home/daniiarr/colcon_ws/build/turtlebot3_teleop/prefix_override:/home/daniiarr/colcon_ws/install/turtlebot3_teleop/lib/python3.8/site-packages:${PYTHONPATH} /usr/bin/python3 setup.py egg_info --egg-base ../../../build/turtlebot3_teleop build --build-base /home/daniiarr/colcon_ws/build/turtlebot3_teleop/build install --record /home/daniiarr/colcon_ws/build/turtlebot3_teleop/install.log --single-version-externally-managed
