[0.961s] Invoking command in '/home/daniiarr/colcon_ws/src/turtlebot3_autonomous_navigation/src/tb3_autonomy_bt/tb3_sim': PYTHONPATH=/home/daniiarr/colcon_ws/build/tb3_sim/prefix_override:/home/daniiarr/colcon_ws/install/tb3_sim/lib/python3.8/site-packages:${PYTHONPATH} /usr/bin/python3 setup.py egg_info --egg-base ../../../../../build/tb3_sim build --build-base /home/daniiarr/colcon_ws/build/tb3_sim/build install --record /home/daniiarr/colcon_ws/build/tb3_sim/install.log --single-version-externally-managed
[1.134s] running egg_info
[1.134s] creating ../../../../../build/tb3_sim/tb3_sim.egg-info
[1.134s] writing ../../../../../build/tb3_sim/tb3_sim.egg-info/PKG-INFO
[1.134s] writing dependency_links to ../../../../../build/tb3_sim/tb3_sim.egg-info/dependency_links.txt
[1.134s] writing entry points to ../../../../../build/tb3_sim/tb3_sim.egg-info/entry_points.txt
[1.135s] writing requirements to ../../../../../build/tb3_sim/tb3_sim.egg-info/requires.txt
[1.135s] writing top-level names to ../../../../../build/tb3_sim/tb3_sim.egg-info/top_level.txt
[1.135s] writing manifest file '../../../../../build/tb3_sim/tb3_sim.egg-info/SOURCES.txt'
[1.156s] reading manifest file '../../../../../build/tb3_sim/tb3_sim.egg-info/SOURCES.txt'
[1.156s] writing manifest file '../../../../../build/tb3_sim/tb3_sim.egg-info/SOURCES.txt'
[1.156s] running build
[1.156s] running build_py
[1.156s] creating /home/daniiarr/colcon_ws/build/tb3_sim/build
[1.157s] creating /home/daniiarr/colcon_ws/build/tb3_sim/build/lib
[1.157s] creating /home/daniiarr/colcon_ws/build/tb3_sim/build/lib/tb3_sim
[1.157s] copying tb3_sim/set_init_amcl_pose.py -> /home/daniiarr/colcon_ws/build/tb3_sim/build/lib/tb3_sim
[1.157s] copying tb3_sim/__init__.py -> /home/daniiarr/colcon_ws/build/tb3_sim/build/lib/tb3_sim
[1.157s] running install
[1.157s] running install_lib
[1.158s] creating /home/daniiarr/colcon_ws/install/tb3_sim/lib/python3.8/site-packages/tb3_sim
[1.158s] copying /home/daniiarr/colcon_ws/build/tb3_sim/build/lib/tb3_sim/set_init_amcl_pose.py -> /home/daniiarr/colcon_ws/install/tb3_sim/lib/python3.8/site-packages/tb3_sim
[1.158s] copying /home/daniiarr/colcon_ws/build/tb3_sim/build/lib/tb3_sim/__init__.py -> /home/daniiarr/colcon_ws/install/tb3_sim/lib/python3.8/site-packages/tb3_sim
[1.159s] byte-compiling /home/daniiarr/colcon_ws/install/tb3_sim/lib/python3.8/site-packages/tb3_sim/set_init_amcl_pose.py to set_init_amcl_pose.cpython-38.pyc
[1.160s] byte-compiling /home/daniiarr/colcon_ws/install/tb3_sim/lib/python3.8/site-packages/tb3_sim/__init__.py to __init__.cpython-38.pyc
[1.160s] running install_data
[1.160s] creating /home/daniiarr/colcon_ws/install/tb3_sim/share/ament_index
[1.160s] creating /home/daniiarr/colcon_ws/install/tb3_sim/share/ament_index/resource_index
[1.160s] creating /home/daniiarr/colcon_ws/install/tb3_sim/share/ament_index/resource_index/packages
[1.160s] copying resource/tb3_sim -> /home/daniiarr/colcon_ws/install/tb3_sim/share/ament_index/resource_index/packages
[1.160s] copying package.xml -> /home/daniiarr/colcon_ws/install/tb3_sim/share/tb3_sim
[1.160s] copying launch/turtlebot3_world.launch.py -> /home/daniiarr/colcon_ws/install/tb3_sim/share/tb3_sim
[1.160s] copying launch/nav2.launch.py -> /home/daniiarr/colcon_ws/install/tb3_sim/share/tb3_sim
[1.160s] creating /home/daniiarr/colcon_ws/install/tb3_sim/share/tb3_sim/config
[1.160s] copying config/sim_house_locations.yaml -> /home/daniiarr/colcon_ws/install/tb3_sim/share/tb3_sim/config/
[1.160s] creating /home/daniiarr/colcon_ws/install/tb3_sim/share/tb3_sim/maps
[1.160s] copying maps/map.pgm -> /home/daniiarr/colcon_ws/install/tb3_sim/share/tb3_sim/maps/
[1.160s] copying maps/map.yaml -> /home/daniiarr/colcon_ws/install/tb3_sim/share/tb3_sim/maps/
[1.160s] running install_egg_info
[1.161s] Copying ../../../../../build/tb3_sim/tb3_sim.egg-info to /home/daniiarr/colcon_ws/install/tb3_sim/lib/python3.8/site-packages/tb3_sim-0.0.0-py3.8.egg-info
[1.162s] running install_scripts
[1.176s] Installing amcl_init_pose_publisher script to /home/daniiarr/colcon_ws/install/tb3_sim/lib/tb3_sim
[1.176s] writing list of installed files to '/home/daniiarr/colcon_ws/build/tb3_sim/install.log'
[1.207s] Invoked command in '/home/daniiarr/colcon_ws/src/turtlebot3_autonomous_navigation/src/tb3_autonomy_bt/tb3_sim' returned '0': PYTHONPATH=/home/daniiarr/colcon_ws/build/tb3_sim/prefix_override:/home/daniiarr/colcon_ws/install/tb3_sim/lib/python3.8/site-packages:${PYTHONPATH} /usr/bin/python3 setup.py egg_info --egg-base ../../../../../build/tb3_sim build --build-base /home/daniiarr/colcon_ws/build/tb3_sim/build install --record /home/daniiarr/colcon_ws/build/tb3_sim/install.log --single-version-externally-managed
