[0.258s] Invoking command in '/home/daniiarr/colcon_ws/build/turtlebot3_bringup': AMENT_PREFIX_PATH=/home/daniiarr/colcon_ws/install/turtlebot3_node:/home/daniiarr/colcon_ws/install/turtlebot3_description:${AMENT_PREFIX_PATH} CMAKE_PREFIX_PATH=/home/daniiarr/colcon_ws/install/turtlebot3_node:/home/daniiarr/colcon_ws/install/turtlebot3_description:/opt/ros/foxy /usr/bin/cmake /home/daniiarr/colcon_ws/src/turtlebot3_autonomous_navigation/src/turtlebot3/turtlebot3_bringup -DCMAKE_INSTALL_PREFIX=/home/daniiarr/colcon_ws/install/turtlebot3_bringup
[0.328s] -- The C compiler identification is GNU 9.4.0
[0.391s] -- The CXX compiler identification is GNU 9.4.0
[0.399s] -- Check for working C compiler: /usr/bin/cc
[0.444s] -- Check for working C compiler: /usr/bin/cc -- works
[0.444s] -- Detecting C compiler ABI info
[0.499s] -- Detecting C compiler ABI info - done
[0.507s] -- Detecting C compile features
[0.508s] -- Detecting C compile features - done
[0.509s] -- Check for working CXX compiler: /usr/bin/c++
[0.555s] -- Check for working CXX compiler: /usr/bin/c++ -- works
[0.556s] -- Detecting CXX compiler ABI info
[0.609s] -- Detecting CXX compiler ABI info - done
[0.616s] -- Detecting CXX compile features
[0.616s] -- Detecting CXX compile features - done
[0.618s] -- Found ament_cmake: 0.9.12 (/opt/ros/foxy/share/ament_cmake/cmake)
[0.637s] -- Found PythonInterp: /usr/bin/python3 (found suitable version "3.8.10", minimum required is "3") 
[0.637s] -- Using PYTHON_EXECUTABLE: /usr/bin/python3
[0.789s] -- Configuring done
[0.790s] -- Generating done
[0.791s] -- Build files have been written to: /home/daniiarr/colcon_ws/build/turtlebot3_bringup
[0.799s] Invoked command in '/home/daniiarr/colcon_ws/build/turtlebot3_bringup' returned '0': AMENT_PREFIX_PATH=/home/daniiarr/colcon_ws/install/turtlebot3_node:/home/daniiarr/colcon_ws/install/turtlebot3_description:${AMENT_PREFIX_PATH} CMAKE_PREFIX_PATH=/home/daniiarr/colcon_ws/install/turtlebot3_node:/home/daniiarr/colcon_ws/install/turtlebot3_description:/opt/ros/foxy /usr/bin/cmake /home/daniiarr/colcon_ws/src/turtlebot3_autonomous_navigation/src/turtlebot3/turtlebot3_bringup -DCMAKE_INSTALL_PREFIX=/home/daniiarr/colcon_ws/install/turtlebot3_bringup
[0.800s] Invoking command in '/home/daniiarr/colcon_ws/build/turtlebot3_bringup': AMENT_PREFIX_PATH=/home/daniiarr/colcon_ws/install/turtlebot3_node:/home/daniiarr/colcon_ws/install/turtlebot3_description:${AMENT_PREFIX_PATH} CMAKE_PREFIX_PATH=/home/daniiarr/colcon_ws/install/turtlebot3_node:/home/daniiarr/colcon_ws/install/turtlebot3_description:/opt/ros/foxy /usr/bin/cmake --build /home/daniiarr/colcon_ws/build/turtlebot3_bringup -- -j4 -l4
[0.836s] Invoked command in '/home/daniiarr/colcon_ws/build/turtlebot3_bringup' returned '0': AMENT_PREFIX_PATH=/home/daniiarr/colcon_ws/install/turtlebot3_node:/home/daniiarr/colcon_ws/install/turtlebot3_description:${AMENT_PREFIX_PATH} CMAKE_PREFIX_PATH=/home/daniiarr/colcon_ws/install/turtlebot3_node:/home/daniiarr/colcon_ws/install/turtlebot3_description:/opt/ros/foxy /usr/bin/cmake --build /home/daniiarr/colcon_ws/build/turtlebot3_bringup -- -j4 -l4
[0.870s] Invoking command in '/home/daniiarr/colcon_ws/build/turtlebot3_bringup': AMENT_PREFIX_PATH=/home/daniiarr/colcon_ws/install/turtlebot3_node:/home/daniiarr/colcon_ws/install/turtlebot3_description:${AMENT_PREFIX_PATH} CMAKE_PREFIX_PATH=/home/daniiarr/colcon_ws/install/turtlebot3_node:/home/daniiarr/colcon_ws/install/turtlebot3_description:/opt/ros/foxy /usr/bin/cmake --install /home/daniiarr/colcon_ws/build/turtlebot3_bringup
[0.876s] -- Install configuration: ""
[0.877s] -- Installing: /home/daniiarr/colcon_ws/install/turtlebot3_bringup/share/turtlebot3_bringup/launch
[0.877s] -- Installing: /home/daniiarr/colcon_ws/install/turtlebot3_bringup/share/turtlebot3_bringup/launch/turtlebot3_state_publisher.launch.py
[0.877s] -- Installing: /home/daniiarr/colcon_ws/install/turtlebot3_bringup/share/turtlebot3_bringup/launch/robot.launch.py
[0.877s] -- Installing: /home/daniiarr/colcon_ws/install/turtlebot3_bringup/share/turtlebot3_bringup/launch/rviz2.launch.py
[0.878s] -- Installing: /home/daniiarr/colcon_ws/install/turtlebot3_bringup/share/turtlebot3_bringup/param
[0.878s] -- Installing: /home/daniiarr/colcon_ws/install/turtlebot3_bringup/share/turtlebot3_bringup/param/burger.yaml
[0.878s] -- Installing: /home/daniiarr/colcon_ws/install/turtlebot3_bringup/share/turtlebot3_bringup/param/waffle_pi.yaml
[0.878s] -- Installing: /home/daniiarr/colcon_ws/install/turtlebot3_bringup/share/turtlebot3_bringup/param/waffle.yaml
[0.878s] -- Installing: /home/daniiarr/colcon_ws/install/turtlebot3_bringup/share/turtlebot3_bringup/script
[0.878s] -- Installing: /home/daniiarr/colcon_ws/install/turtlebot3_bringup/share/turtlebot3_bringup/script/create_udev_rules
[0.878s] -- Installing: /home/daniiarr/colcon_ws/install/turtlebot3_bringup/share/turtlebot3_bringup/script/99-turtlebot3-cdc.rules
[0.878s] -- Installing: /home/daniiarr/colcon_ws/install/turtlebot3_bringup/share/ament_index/resource_index/package_run_dependencies/turtlebot3_bringup
[0.878s] -- Installing: /home/daniiarr/colcon_ws/install/turtlebot3_bringup/share/ament_index/resource_index/parent_prefix_path/turtlebot3_bringup
[0.878s] -- Installing: /home/daniiarr/colcon_ws/install/turtlebot3_bringup/share/turtlebot3_bringup/environment/ament_prefix_path.sh
[0.878s] -- Installing: /home/daniiarr/colcon_ws/install/turtlebot3_bringup/share/turtlebot3_bringup/environment/ament_prefix_path.dsv
[0.879s] -- Installing: /home/daniiarr/colcon_ws/install/turtlebot3_bringup/share/turtlebot3_bringup/environment/path.sh
[0.879s] -- Installing: /home/daniiarr/colcon_ws/install/turtlebot3_bringup/share/turtlebot3_bringup/environment/path.dsv
[0.879s] -- Installing: /home/daniiarr/colcon_ws/install/turtlebot3_bringup/share/turtlebot3_bringup/local_setup.bash
[0.879s] -- Installing: /home/daniiarr/colcon_ws/install/turtlebot3_bringup/share/turtlebot3_bringup/local_setup.sh
[0.879s] -- Installing: /home/daniiarr/colcon_ws/install/turtlebot3_bringup/share/turtlebot3_bringup/local_setup.zsh
[0.879s] -- Installing: /home/daniiarr/colcon_ws/install/turtlebot3_bringup/share/turtlebot3_bringup/local_setup.dsv
[0.879s] -- Installing: /home/daniiarr/colcon_ws/install/turtlebot3_bringup/share/turtlebot3_bringup/package.dsv
[0.879s] -- Installing: /home/daniiarr/colcon_ws/install/turtlebot3_bringup/share/ament_index/resource_index/packages/turtlebot3_bringup
[0.879s] -- Installing: /home/daniiarr/colcon_ws/install/turtlebot3_bringup/share/turtlebot3_bringup/cmake/turtlebot3_bringupConfig.cmake
[0.879s] -- Installing: /home/daniiarr/colcon_ws/install/turtlebot3_bringup/share/turtlebot3_bringup/cmake/turtlebot3_bringupConfig-version.cmake
[0.879s] -- Installing: /home/daniiarr/colcon_ws/install/turtlebot3_bringup/share/turtlebot3_bringup/package.xml
[1.050s] Invoked command in '/home/daniiarr/colcon_ws/build/turtlebot3_bringup' returned '0': AMENT_PREFIX_PATH=/home/daniiarr/colcon_ws/install/turtlebot3_node:/home/daniiarr/colcon_ws/install/turtlebot3_description:${AMENT_PREFIX_PATH} CMAKE_PREFIX_PATH=/home/daniiarr/colcon_ws/install/turtlebot3_node:/home/daniiarr/colcon_ws/install/turtlebot3_description:/opt/ros/foxy /usr/bin/cmake --install /home/daniiarr/colcon_ws/build/turtlebot3_bringup
