[0.238s] Invoking command in '/home/daniiarr/colcon_ws/build/turtlebot3_gazebo': AMENT_PREFIX_PATH=/home/daniiarr/colcon_ws/install/turtlebot3_description:${AMENT_PREFIX_PATH} CMAKE_PREFIX_PATH=/home/daniiarr/colcon_ws/install/turtlebot3_description:/opt/ros/foxy /usr/bin/cmake /home/daniiarr/colcon_ws/src/turtlebot3_autonomous_navigation/src/turtlebot3_simulations/turtlebot3_gazebo -DCMAKE_INSTALL_PREFIX=/home/daniiarr/colcon_ws/install/turtlebot3_gazebo
[0.312s] -- Found ament_cmake: 0.9.12 (/opt/ros/foxy/share/ament_cmake/cmake)
[0.312s] -- Using PYTHON_EXECUTABLE: /usr/bin/python3
[0.394s] -- Found DART: /usr/include (Required is at least version "6.6") found components: dart 
[0.418s] -- Found Protobuf: /usr/lib/aarch64-linux-gnu/libprotobuf.so;-lpthread (found version "3.6.1") 
[0.421s] -- Looking for ignition-math6 -- found version 6.15.0
[0.424s] -- Searching for dependencies of ignition-math6
[0.424s] -- Looking for OGRE...
[0.432s] -- Found Ogre Ghadamon (1.9.0)
[0.432s] -- Found OGRE: optimized;/usr/lib/aarch64-linux-gnu/libOgreMain.so;debug;/usr/lib/aarch64-linux-gnu/libOgreMain.so
[0.439s] -- Looking for OGRE_Paging...
[0.439s] -- Found OGRE_Paging: optimized;/usr/lib/aarch64-linux-gnu/libOgrePaging.so;debug;/usr/lib/aarch64-linux-gnu/libOgrePaging.so
[0.439s] -- Looking for OGRE_Terrain...
[0.440s] -- Found OGRE_Terrain: optimized;/usr/lib/aarch64-linux-gnu/libOgreTerrain.so;debug;/usr/lib/aarch64-linux-gnu/libOgreTerrain.so
[0.440s] -- Looking for OGRE_Property...
[0.440s] -- Found OGRE_Property: optimized;/usr/lib/aarch64-linux-gnu/libOgreProperty.so;debug;/usr/lib/aarch64-linux-gnu/libOgreProperty.so
[0.440s] -- Looking for OGRE_RTShaderSystem...
[0.440s] -- Found OGRE_RTShaderSystem: optimized;/usr/lib/aarch64-linux-gnu/libOgreRTShaderSystem.so;debug;/usr/lib/aarch64-linux-gnu/libOgreRTShaderSystem.so
[0.440s] -- Looking for OGRE_Volume...
[0.440s] -- Found OGRE_Volume: optimized;/usr/lib/aarch64-linux-gnu/libOgreVolume.so;debug;/usr/lib/aarch64-linux-gnu/libOgreVolume.so
[0.440s] -- Looking for OGRE_Overlay...
[0.440s] -- Found OGRE_Overlay: optimized;/usr/lib/aarch64-linux-gnu/libOgreOverlay.so;debug;/usr/lib/aarch64-linux-gnu/libOgreOverlay.so
[0.537s] -- Looking for ignition-math6 -- found version 6.15.0
[0.537s] -- Looking for ignition-transport8 -- found version 8.4.0
[0.537s] -- Searching for dependencies of ignition-transport8
[0.551s] -- Found Protobuf: /usr/lib/aarch64-linux-gnu/libprotobuf.so;-lpthread (found suitable version "3.6.1", minimum required is "3") 
[0.559s] -- Config-file not installed for ZeroMQ -- checking for pkg-config
[0.562s] -- Checking for module 'libzmq >= 4'
[0.570s] --   Found libzmq , version 4.3.2
[0.601s] -- Checking for module 'uuid'
[0.608s] --   Found uuid, version 2.34.0
[0.628s] -- Looking for ignition-msgs5 -- found version 5.11.0
[0.628s] -- Searching for dependencies of ignition-msgs5
[0.643s] -- Looking for ignition-math6 -- found version 6.15.0
[0.646s] -- Checking for module 'tinyxml2'
[0.654s] --   Found tinyxml2, version 6.2.0
[0.676s] -- Looking for ignition-msgs5 -- found version 5.11.0
[0.676s] -- Looking for ignition-common3 -- found version 3.16.0
[0.676s] -- Searching for dependencies of ignition-common3
[0.677s] -- Looking for dlfcn.h - found
[0.677s] -- Looking for libdl - found
[0.683s] -- Searching for <ignition-common3> component [graphics]
[0.683s] -- Looking for ignition-common3-graphics -- found version 3.16.0
[0.684s] -- Searching for dependencies of ignition-common3-graphics
[0.684s] -- Looking for ignition-math6 -- found version 6.15.0
[0.685s] -- Looking for ignition-fuel_tools4 -- found version 4.9.0
[0.685s] -- Searching for dependencies of ignition-fuel_tools4
[0.701s] -- Checking for module 'jsoncpp'
[0.710s] --   Found jsoncpp, version 1.7.4
[0.733s] -- Checking for module 'libzip'
[0.742s] --   Found libzip, version 1.5.1
[0.772s] -- Looking for ignition-common3 -- found version 3.16.0
[0.772s] -- Looking for ignition-math6 -- found version 6.15.0
[0.772s] -- Looking for ignition-msgs5 -- found version 5.11.0
[0.780s] CMake Error at CMakeLists.txt:24 (find_package):
[0.780s]   By not providing "Findgazebo_ros_pkgs.cmake" in CMAKE_MODULE_PATH this
[0.780s]   project has asked CMake to find a package configuration file provided by
[0.780s]   "gazebo_ros_pkgs", but CMake did not find one.
[0.780s] 
[0.781s]   Could not find a package configuration file provided by "gazebo_ros_pkgs"
[0.781s]   with any of the following names:
[0.781s] 
[0.781s]     gazebo_ros_pkgsConfig.cmake
[0.782s]     gazebo_ros_pkgs-config.cmake
[0.782s] 
[0.782s]   Add the installation prefix of "gazebo_ros_pkgs" to CMAKE_PREFIX_PATH or
[0.782s]   set "gazebo_ros_pkgs_DIR" to a directory containing one of the above files.
[0.782s]   If "gazebo_ros_pkgs" provides a separate development package or SDK, be
[0.782s]   sure it has been installed.
[0.782s] 
[0.782s] 
[0.782s] -- Configuring incomplete, errors occurred!
[0.782s] See also "/home/daniiarr/colcon_ws/build/turtlebot3_gazebo/CMakeFiles/CMakeOutput.log".
[0.782s] See also "/home/daniiarr/colcon_ws/build/turtlebot3_gazebo/CMakeFiles/CMakeError.log".
[0.832s] Invoked command in '/home/daniiarr/colcon_ws/build/turtlebot3_gazebo' returned '1': AMENT_PREFIX_PATH=/home/daniiarr/colcon_ws/install/turtlebot3_description:${AMENT_PREFIX_PATH} CMAKE_PREFIX_PATH=/home/daniiarr/colcon_ws/install/turtlebot3_description:/opt/ros/foxy /usr/bin/cmake /home/daniiarr/colcon_ws/src/turtlebot3_autonomous_navigation/src/turtlebot3_simulations/turtlebot3_gazebo -DCMAKE_INSTALL_PREFIX=/home/daniiarr/colcon_ws/install/turtlebot3_gazebo
