[0.116s] Invoking command in '/home/daniiarr/colcon_ws/build/tb3_autonomy': CMAKE_PREFIX_PATH=/opt/ros/foxy /usr/bin/cmake /home/daniiarr/colcon_ws/src/turtlebot3_autonomous_navigation/src/tb3_autonomy_bt/tb3_autonomy -DCMAKE_INSTALL_PREFIX=/home/daniiarr/colcon_ws/install/tb3_autonomy
[0.283s] -- The C compiler identification is GNU 9.4.0
[0.436s] -- The CXX compiler identification is GNU 9.4.0
[0.440s] -- Check for working C compiler: /usr/bin/cc
[0.710s] -- Check for working C compiler: /usr/bin/cc -- works
[0.710s] -- Detecting C compiler ABI info
[0.935s] -- Detecting C compiler ABI info - done
[0.950s] -- Detecting C compile features
[0.950s] -- Detecting C compile features - done
[0.960s] -- Check for working CXX compiler: /usr/bin/c++
[1.230s] -- Check for working CXX compiler: /usr/bin/c++ -- works
[1.231s] -- Detecting CXX compiler ABI info
[1.542s] -- Detecting CXX compiler ABI info - done
[1.551s] -- Detecting CXX compile features
[1.551s] -- Detecting CXX compile features - done
[1.553s] -- Found ament_cmake: 0.9.12 (/opt/ros/foxy/share/ament_cmake/cmake)
[1.633s] -- Found PythonInterp: /usr/bin/python3 (found suitable version "3.8.10", minimum required is "3") 
[1.633s] -- Using PYTHON_EXECUTABLE: /usr/bin/python3
[1.963s] -- Found rclcpp: 2.4.3 (/opt/ros/foxy/share/rclcpp/cmake)
[2.064s] -- Using all available rosidl_typesupport_c: rosidl_typesupport_fastrtps_c;rosidl_typesupport_introspection_c
[2.088s] -- Found rosidl_adapter: 1.3.1 (/opt/ros/foxy/share/rosidl_adapter/cmake)
[2.457s] -- Found OpenSSL: /usr/lib/aarch64-linux-gnu/libcrypto.so (found version "1.1.1f")  
[2.526s] -- Found FastRTPS: /opt/ros/foxy/include  
[2.635s] -- Using all available rosidl_typesupport_cpp: rosidl_typesupport_fastrtps_cpp;rosidl_typesupport_introspection_cpp
[2.680s] -- Found rmw_implementation_cmake: 1.0.4 (/opt/ros/foxy/share/rmw_implementation_cmake/cmake)
[2.681s] -- Using RMW implementation 'rmw_fastrtps_cpp' as default
[2.682s] -- Looking for pthread.h
[2.986s] -- Looking for pthread.h - found
[2.986s] -- Performing Test CMAKE_HAVE_LIBC_PTHREAD
[3.222s] -- Performing Test CMAKE_HAVE_LIBC_PTHREAD - Failed
[3.222s] -- Looking for pthread_create in pthreads
[3.496s] -- Looking for pthread_create in pthreads - not found
[3.496s] -- Looking for pthread_create in pthread
[3.792s] -- Looking for pthread_create in pthread - found
[3.793s] -- Found Threads: TRUE  
[4.210s] -- Found rclcpp_action: 2.4.3 (/opt/ros/foxy/share/rclcpp_action/cmake)
[4.378s] -- Found nav2_msgs: 0.4.7 (/opt/ros/foxy/share/nav2_msgs/cmake)
[5.055s] -- Found tf2: 0.13.14 (/opt/ros/foxy/share/tf2/cmake)
[5.077s] -- Found tf2_geometry_msgs: 0.13.14 (/opt/ros/foxy/share/tf2_geometry_msgs/cmake)
[5.093s] -- Found eigen3_cmake_module: 0.1.1 (/opt/ros/foxy/share/eigen3_cmake_module/cmake)
[5.099s] -- Found Eigen3: TRUE (found version "3.3.7") 
[5.411s] -- Found ament_lint_auto: 0.9.8 (/opt/ros/foxy/share/ament_lint_auto/cmake)
[5.532s] -- Added test 'copyright' to check source files copyright and LICENSE
[5.536s] -- Added test 'cppcheck' to perform static code analysis on C / C++ code
[5.536s] -- Configured cppcheck include dirs: /home/daniiarr/colcon_ws/src/turtlebot3_autonomous_navigation/src/tb3_autonomy_bt/tb3_autonomy/include
[5.536s] -- Configured cppcheck exclude dirs and/or files: 
[5.538s] -- Added test 'cpplint' to check C / C++ code against the Google style
[5.538s] -- Configured cpplint exclude dirs and/or files: 
[5.538s] -- Added test 'flake8' to check Python code syntax and style conventions
[5.539s] -- Added test 'lint_cmake' to check CMake code style
[5.540s] -- Added test 'pep257' to check Python code against some of the style conventions in PEP 257
[5.541s] -- Added test 'uncrustify' to check C / C++ code style
[5.541s] -- Configured uncrustify additional arguments: 
[5.542s] -- Added test 'xmllint' to check XML markup files
[5.545s] -- Configuring done
[5.569s] -- Generating done
[5.584s] -- Build files have been written to: /home/daniiarr/colcon_ws/build/tb3_autonomy
