[0.103s] Invoking command in '/home/daniiarr/colcon_ws/build/tb3_autonomy': CMAKE_PREFIX_PATH=/opt/ros/foxy /usr/bin/cmake /home/daniiarr/colcon_ws/src/tb3_autonomy_bt/tb3_autonomy -DCMAKE_INSTALL_PREFIX=/home/daniiarr/colcon_ws/install/tb3_autonomy
[0.185s] -- The C compiler identification is GNU 9.4.0
[0.330s] -- The CXX compiler identification is GNU 9.4.0
[0.333s] -- Check for working C compiler: /usr/bin/cc
[0.594s] -- Check for working C compiler: /usr/bin/cc -- works
[0.595s] -- Detecting C compiler ABI info
[0.826s] -- Detecting C compiler ABI info - done
[0.836s] -- Detecting C compile features
[0.836s] -- Detecting C compile features - done
[0.839s] -- Check for working CXX compiler: /usr/bin/c++
[1.104s] -- Check for working CXX compiler: /usr/bin/c++ -- works
[1.105s] -- Detecting CXX compiler ABI info
[1.433s] -- Detecting CXX compiler ABI info - done
[1.447s] -- Detecting CXX compile features
[1.447s] -- Detecting CXX compile features - done
[1.449s] -- Found ament_cmake: 0.9.12 (/opt/ros/foxy/share/ament_cmake/cmake)
[1.517s] -- Found PythonInterp: /usr/bin/python3 (found suitable version "3.8.10", minimum required is "3") 
[1.517s] -- Using PYTHON_EXECUTABLE: /usr/bin/python3
[1.788s] -- Found rclcpp: 2.4.3 (/opt/ros/foxy/share/rclcpp/cmake)
[1.872s] -- Using all available rosidl_typesupport_c: rosidl_typesupport_fastrtps_c;rosidl_typesupport_introspection_c
[1.877s] -- Found rosidl_adapter: 1.3.1 (/opt/ros/foxy/share/rosidl_adapter/cmake)
[2.076s] -- Found OpenSSL: /usr/lib/aarch64-linux-gnu/libcrypto.so (found version "1.1.1f")  
[2.134s] -- Found FastRTPS: /opt/ros/foxy/include  
[2.278s] -- Using all available rosidl_typesupport_cpp: rosidl_typesupport_fastrtps_cpp;rosidl_typesupport_introspection_cpp
[2.374s] -- Found rmw_implementation_cmake: 1.0.4 (/opt/ros/foxy/share/rmw_implementation_cmake/cmake)
[2.375s] -- Using RMW implementation 'rmw_fastrtps_cpp' as default
[2.376s] -- Looking for pthread.h
[2.623s] -- Looking for pthread.h - found
[2.623s] -- Performing Test CMAKE_HAVE_LIBC_PTHREAD
[2.881s] -- Performing Test CMAKE_HAVE_LIBC_PTHREAD - Failed
[2.881s] -- Looking for pthread_create in pthreads
[3.075s] -- Looking for pthread_create in pthreads - not found
[3.080s] -- Looking for pthread_create in pthread
[3.336s] -- Looking for pthread_create in pthread - found
[3.337s] -- Found Threads: TRUE  
[3.584s] -- Found rclcpp_action: 2.4.3 (/opt/ros/foxy/share/rclcpp_action/cmake)
[3.659s] -- Found nav2_msgs: 0.4.7 (/opt/ros/foxy/share/nav2_msgs/cmake)
[4.257s] -- Found tf2: 0.13.14 (/opt/ros/foxy/share/tf2/cmake)
[4.275s] -- Found tf2_geometry_msgs: 0.13.14 (/opt/ros/foxy/share/tf2_geometry_msgs/cmake)
[4.299s] -- Found eigen3_cmake_module: 0.1.1 (/opt/ros/foxy/share/eigen3_cmake_module/cmake)
[4.303s] -- Found Eigen3: TRUE (found version "3.3.7") 
[4.844s] -- Found ament_lint_auto: 0.9.8 (/opt/ros/foxy/share/ament_lint_auto/cmake)
[4.983s] -- Added test 'copyright' to check source files copyright and LICENSE
[4.985s] -- Added test 'cppcheck' to perform static code analysis on C / C++ code
[4.985s] -- Configured cppcheck include dirs: /home/daniiarr/colcon_ws/src/tb3_autonomy_bt/tb3_autonomy/include
[4.985s] -- Configured cppcheck exclude dirs and/or files: 
[4.985s] -- Added test 'cpplint' to check C / C++ code against the Google style
[4.985s] -- Configured cpplint exclude dirs and/or files: 
[4.995s] -- Added test 'flake8' to check Python code syntax and style conventions
[4.996s] -- Added test 'lint_cmake' to check CMake code style
[4.996s] -- Added test 'pep257' to check Python code against some of the style conventions in PEP 257
[4.997s] -- Added test 'uncrustify' to check C / C++ code style
[4.998s] -- Configured uncrustify additional arguments: 
[4.999s] -- Added test 'xmllint' to check XML markup files
[5.001s] -- Configuring done
[5.034s] -- Generating done
[5.036s] -- Build files have been written to: /home/daniiarr/colcon_ws/build/tb3_autonomy
[5.044s] Invoked command in '/home/daniiarr/colcon_ws/build/tb3_autonomy' returned '0': CMAKE_PREFIX_PATH=/opt/ros/foxy /usr/bin/cmake /home/daniiarr/colcon_ws/src/tb3_autonomy_bt/tb3_autonomy -DCMAKE_INSTALL_PREFIX=/home/daniiarr/colcon_ws/install/tb3_autonomy
[5.049s] Invoking command in '/home/daniiarr/colcon_ws/build/tb3_autonomy': CMAKE_PREFIX_PATH=/opt/ros/foxy /usr/bin/cmake --build /home/daniiarr/colcon_ws/build/tb3_autonomy -- -j4 -l4
[5.145s] [35m[1mScanning dependencies of target autonomy_node[0m
[5.311s] [ 33%] [32mBuilding CXX object CMakeFiles/autonomy_node.dir/src/autonomy_node.cpp.o[0m
[5.312s] [ 66%] [32mBuilding CXX object CMakeFiles/autonomy_node.dir/src/navigation_behaviors.cpp.o[0m
[9.853s] [100%] [32m[1mLinking CXX executable autonomy_node[0m
[10.079s] [100%] Built target autonomy_node
