[0.180s] Invoking command in '/home/daniiarr/colcon_ws/build/turtlebot3_cartographer': CMAKE_PREFIX_PATH=/opt/ros/foxy /usr/bin/cmake /home/daniiarr/colcon_ws/src/turtlebot3_autonomous_navigation/src/turtlebot3/turtlebot3_cartographer -DCMAKE_INSTALL_PREFIX=/home/daniiarr/colcon_ws/install/turtlebot3_cartographer
[0.237s] -- The C compiler identification is GNU 9.4.0
[0.283s] -- The CXX compiler identification is GNU 9.4.0
[0.287s] -- Check for working C compiler: /usr/bin/cc
[0.340s] -- Check for working C compiler: /usr/bin/cc -- works
[0.340s] -- Detecting C compiler ABI info
[0.400s] -- Detecting C compiler ABI info - done
[0.408s] -- Detecting C compile features
[0.408s] -- Detecting C compile features - done
[0.410s] -- Check for working CXX compiler: /usr/bin/c++
[0.471s] -- Check for working CXX compiler: /usr/bin/c++ -- works
[0.471s] -- Detecting CXX compiler ABI info
[0.531s] -- Detecting CXX compiler ABI info - done
[0.540s] -- Detecting CXX compile features
[0.540s] -- Detecting CXX compile features - done
[0.556s] -- Found ament_cmake: 0.9.12 (/opt/ros/foxy/share/ament_cmake/cmake)
[0.578s] -- Found PythonInterp: /usr/bin/python3 (found suitable version "3.8.10", minimum required is "3") 
[0.578s] -- Using PYTHON_EXECUTABLE: /usr/bin/python3
[0.754s] -- Configuring done
[0.755s] -- Generating done
[0.755s] -- Build files have been written to: /home/daniiarr/colcon_ws/build/turtlebot3_cartographer
[0.761s] Invoked command in '/home/daniiarr/colcon_ws/build/turtlebot3_cartographer' returned '0': CMAKE_PREFIX_PATH=/opt/ros/foxy /usr/bin/cmake /home/daniiarr/colcon_ws/src/turtlebot3_autonomous_navigation/src/turtlebot3/turtlebot3_cartographer -DCMAKE_INSTALL_PREFIX=/home/daniiarr/colcon_ws/install/turtlebot3_cartographer
[0.764s] Invoking command in '/home/daniiarr/colcon_ws/build/turtlebot3_cartographer': CMAKE_PREFIX_PATH=/opt/ros/foxy /usr/bin/cmake --build /home/daniiarr/colcon_ws/build/turtlebot3_cartographer -- -j4 -l4
[0.798s] Invoked command in '/home/daniiarr/colcon_ws/build/turtlebot3_cartographer' returned '0': CMAKE_PREFIX_PATH=/opt/ros/foxy /usr/bin/cmake --build /home/daniiarr/colcon_ws/build/turtlebot3_cartographer -- -j4 -l4
[0.832s] Invoking command in '/home/daniiarr/colcon_ws/build/turtlebot3_cartographer': CMAKE_PREFIX_PATH=/opt/ros/foxy /usr/bin/cmake --install /home/daniiarr/colcon_ws/build/turtlebot3_cartographer
[0.839s] -- Install configuration: ""
[0.839s] -- Installing: /home/daniiarr/colcon_ws/install/turtlebot3_cartographer/share/turtlebot3_cartographer/config
[0.839s] -- Installing: /home/daniiarr/colcon_ws/install/turtlebot3_cartographer/share/turtlebot3_cartographer/config/turtlebot3_lds_2d.lua
[0.840s] -- Installing: /home/daniiarr/colcon_ws/install/turtlebot3_cartographer/share/turtlebot3_cartographer/launch
[0.840s] -- Installing: /home/daniiarr/colcon_ws/install/turtlebot3_cartographer/share/turtlebot3_cartographer/launch/cartographer.launch.py
[0.840s] -- Installing: /home/daniiarr/colcon_ws/install/turtlebot3_cartographer/share/turtlebot3_cartographer/launch/occupancy_grid.launch.py
[0.840s] -- Installing: /home/daniiarr/colcon_ws/install/turtlebot3_cartographer/share/turtlebot3_cartographer/rviz
[0.840s] -- Installing: /home/daniiarr/colcon_ws/install/turtlebot3_cartographer/share/turtlebot3_cartographer/rviz/tb3_cartographer.rviz
[0.841s] -- Installing: /home/daniiarr/colcon_ws/install/turtlebot3_cartographer/share/ament_index/resource_index/package_run_dependencies/turtlebot3_cartographer
[0.841s] -- Installing: /home/daniiarr/colcon_ws/install/turtlebot3_cartographer/share/ament_index/resource_index/parent_prefix_path/turtlebot3_cartographer
[0.841s] -- Installing: /home/daniiarr/colcon_ws/install/turtlebot3_cartographer/share/turtlebot3_cartographer/environment/ament_prefix_path.sh
[0.841s] -- Installing: /home/daniiarr/colcon_ws/install/turtlebot3_cartographer/share/turtlebot3_cartographer/environment/ament_prefix_path.dsv
[0.841s] -- Installing: /home/daniiarr/colcon_ws/install/turtlebot3_cartographer/share/turtlebot3_cartographer/environment/path.sh
[0.841s] -- Installing: /home/daniiarr/colcon_ws/install/turtlebot3_cartographer/share/turtlebot3_cartographer/environment/path.dsv
[0.841s] -- Installing: /home/daniiarr/colcon_ws/install/turtlebot3_cartographer/share/turtlebot3_cartographer/local_setup.bash
[0.841s] -- Installing: /home/daniiarr/colcon_ws/install/turtlebot3_cartographer/share/turtlebot3_cartographer/local_setup.sh
[0.841s] -- Installing: /home/daniiarr/colcon_ws/install/turtlebot3_cartographer/share/turtlebot3_cartographer/local_setup.zsh
[0.842s] -- Installing: /home/daniiarr/colcon_ws/install/turtlebot3_cartographer/share/turtlebot3_cartographer/local_setup.dsv
[0.842s] -- Installing: /home/daniiarr/colcon_ws/install/turtlebot3_cartographer/share/turtlebot3_cartographer/package.dsv
[0.843s] -- Installing: /home/daniiarr/colcon_ws/install/turtlebot3_cartographer/share/ament_index/resource_index/packages/turtlebot3_cartographer
[0.843s] -- Installing: /home/daniiarr/colcon_ws/install/turtlebot3_cartographer/share/turtlebot3_cartographer/cmake/turtlebot3_cartographerConfig.cmake
[0.843s] -- Installing: /home/daniiarr/colcon_ws/install/turtlebot3_cartographer/share/turtlebot3_cartographer/cmake/turtlebot3_cartographerConfig-version.cmake
[0.843s] -- Installing: /home/daniiarr/colcon_ws/install/turtlebot3_cartographer/share/turtlebot3_cartographer/package.xml
[0.846s] Invoked command in '/home/daniiarr/colcon_ws/build/turtlebot3_cartographer' returned '0': CMAKE_PREFIX_PATH=/opt/ros/foxy /usr/bin/cmake --install /home/daniiarr/colcon_ws/build/turtlebot3_cartographer
