[0.267s] Invoking command in '/home/daniiarr/colcon_ws/build/turtlebot3_gazebo': AMENT_PREFIX_PATH=/home/daniiarr/colcon_ws/install/turtlebot3_description:${AMENT_PREFIX_PATH} CMAKE_PREFIX_PATH=/home/daniiarr/colcon_ws/install/turtlebot3_description:/opt/ros/foxy /usr/bin/cmake /home/daniiarr/colcon_ws/src/turtlebot3_autonomous_navigation/src/turtlebot3_simulations/turtlebot3_gazebo -DCMAKE_INSTALL_PREFIX=/home/daniiarr/colcon_ws/install/turtlebot3_gazebo
[0.332s] -- The C compiler identification is GNU 9.4.0
[0.469s] -- The CXX compiler identification is GNU 9.4.0
[0.472s] -- Check for working C compiler: /usr/bin/cc
[0.751s] -- Check for working C compiler: /usr/bin/cc -- works
[0.752s] -- Detecting C compiler ABI info
[0.960s] -- Detecting C compiler ABI info - done
[0.974s] -- Detecting C compile features
[0.975s] -- Detecting C compile features - done
[0.977s] -- Check for working CXX compiler: /usr/bin/c++
[1.340s] -- Check for working CXX compiler: /usr/bin/c++ -- works
[1.341s] -- Detecting CXX compiler ABI info
[1.672s] -- Detecting CXX compiler ABI info - done
[1.674s] -- Detecting CXX compile features
[1.675s] -- Detecting CXX compile features - done
[1.677s] -- Found ament_cmake: 0.9.12 (/opt/ros/foxy/share/ament_cmake/cmake)
[1.735s] -- Found PythonInterp: /usr/bin/python3 (found suitable version "3.8.10", minimum required is "3") 
[1.735s] -- Using PYTHON_EXECUTABLE: /usr/bin/python3
[2.119s] CMake Error at CMakeLists.txt:23 (find_package):
[2.119s]   By not providing "Findgazebo.cmake" in CMAKE_MODULE_PATH this project has
[2.119s]   asked CMake to find a package configuration file provided by "gazebo", but
[2.119s]   CMake did not find one.
[2.119s] 
[2.119s]   Could not find a package configuration file provided by "gazebo" with any
[2.119s]   of the following names:
[2.119s] 
[2.119s]     gazeboConfig.cmake
[2.120s]     gazebo-config.cmake
[2.120s] 
[2.120s]   Add the installation prefix of "gazebo" to CMAKE_PREFIX_PATH or set
[2.120s]   "gazebo_DIR" to a directory containing one of the above files.  If "gazebo"
[2.120s]   provides a separate development package or SDK, be sure it has been
[2.120s]   installed.
[2.120s] 
[2.120s] 
[2.120s] -- Configuring incomplete, errors occurred!
[2.120s] See also "/home/daniiarr/colcon_ws/build/turtlebot3_gazebo/CMakeFiles/CMakeOutput.log".
[2.124s] Invoked command in '/home/daniiarr/colcon_ws/build/turtlebot3_gazebo' returned '1': AMENT_PREFIX_PATH=/home/daniiarr/colcon_ws/install/turtlebot3_description:${AMENT_PREFIX_PATH} CMAKE_PREFIX_PATH=/home/daniiarr/colcon_ws/install/turtlebot3_description:/opt/ros/foxy /usr/bin/cmake /home/daniiarr/colcon_ws/src/turtlebot3_autonomous_navigation/src/turtlebot3_simulations/turtlebot3_gazebo -DCMAKE_INSTALL_PREFIX=/home/daniiarr/colcon_ws/install/turtlebot3_gazebo
