[0.268s] Invoking command in '/home/daniiarr/colcon_ws/build/turtlebot3_navigation2': CMAKE_PREFIX_PATH=/opt/ros/foxy /usr/bin/cmake --build /home/daniiarr/colcon_ws/build/turtlebot3_navigation2 -- -j4 -l4
[0.402s] Invoked command in '/home/daniiarr/colcon_ws/build/turtlebot3_navigation2' returned '0': CMAKE_PREFIX_PATH=/opt/ros/foxy /usr/bin/cmake --build /home/daniiarr/colcon_ws/build/turtlebot3_navigation2 -- -j4 -l4
[0.589s] Invoking command in '/home/daniiarr/colcon_ws/build/turtlebot3_navigation2': CMAKE_PREFIX_PATH=/opt/ros/foxy /usr/bin/cmake --install /home/daniiarr/colcon_ws/build/turtlebot3_navigation2
[0.596s] -- Install configuration: ""
[0.597s] -- Up-to-date: /home/daniiarr/colcon_ws/install/turtlebot3_navigation2/share/turtlebot3_navigation2/launch
[0.597s] -- Up-to-date: /home/daniiarr/colcon_ws/install/turtlebot3_navigation2/share/turtlebot3_navigation2/launch/navigation2.launch.py
[0.597s] -- Up-to-date: /home/daniiarr/colcon_ws/install/turtlebot3_navigation2/share/turtlebot3_navigation2/map
[0.597s] -- Up-to-date: /home/daniiarr/colcon_ws/install/turtlebot3_navigation2/share/turtlebot3_navigation2/map/turtlebot3_world.yaml
[0.597s] -- Up-to-date: /home/daniiarr/colcon_ws/install/turtlebot3_navigation2/share/turtlebot3_navigation2/map/cafe_world.yaml
[0.597s] -- Up-to-date: /home/daniiarr/colcon_ws/install/turtlebot3_navigation2/share/turtlebot3_navigation2/map/turtlebot3_world_my.pgm
[0.597s] -- Up-to-date: /home/daniiarr/colcon_ws/install/turtlebot3_navigation2/share/turtlebot3_navigation2/map/cafe_world.pgm
[0.597s] -- Up-to-date: /home/daniiarr/colcon_ws/install/turtlebot3_navigation2/share/turtlebot3_navigation2/map/turtlebot3_world_my.yaml
[0.597s] -- Up-to-date: /home/daniiarr/colcon_ws/install/turtlebot3_navigation2/share/turtlebot3_navigation2/map/turtlebot3_world.pgm
[0.597s] -- Up-to-date: /home/daniiarr/colcon_ws/install/turtlebot3_navigation2/share/turtlebot3_navigation2/param
[0.597s] -- Up-to-date: /home/daniiarr/colcon_ws/install/turtlebot3_navigation2/share/turtlebot3_navigation2/param/burger.yaml
[0.597s] -- Up-to-date: /home/daniiarr/colcon_ws/install/turtlebot3_navigation2/share/turtlebot3_navigation2/param/waffle_pi.yaml
[0.597s] -- Up-to-date: /home/daniiarr/colcon_ws/install/turtlebot3_navigation2/share/turtlebot3_navigation2/param/waffle.yaml
[0.597s] -- Up-to-date: /home/daniiarr/colcon_ws/install/turtlebot3_navigation2/share/turtlebot3_navigation2/rviz
[0.597s] -- Up-to-date: /home/daniiarr/colcon_ws/install/turtlebot3_navigation2/share/turtlebot3_navigation2/rviz/tb3_navigation2.rviz
[0.597s] -- Up-to-date: /home/daniiarr/colcon_ws/install/turtlebot3_navigation2/share/ament_index/resource_index/package_run_dependencies/turtlebot3_navigation2
[0.597s] -- Up-to-date: /home/daniiarr/colcon_ws/install/turtlebot3_navigation2/share/ament_index/resource_index/parent_prefix_path/turtlebot3_navigation2
[0.597s] -- Up-to-date: /home/daniiarr/colcon_ws/install/turtlebot3_navigation2/share/turtlebot3_navigation2/environment/ament_prefix_path.sh
[0.597s] -- Up-to-date: /home/daniiarr/colcon_ws/install/turtlebot3_navigation2/share/turtlebot3_navigation2/environment/ament_prefix_path.dsv
[0.597s] -- Up-to-date: /home/daniiarr/colcon_ws/install/turtlebot3_navigation2/share/turtlebot3_navigation2/environment/path.sh
[0.597s] -- Up-to-date: /home/daniiarr/colcon_ws/install/turtlebot3_navigation2/share/turtlebot3_navigation2/environment/path.dsv
[0.597s] -- Up-to-date: /home/daniiarr/colcon_ws/install/turtlebot3_navigation2/share/turtlebot3_navigation2/local_setup.bash
[0.597s] -- Up-to-date: /home/daniiarr/colcon_ws/install/turtlebot3_navigation2/share/turtlebot3_navigation2/local_setup.sh
[0.598s] -- Up-to-date: /home/daniiarr/colcon_ws/install/turtlebot3_navigation2/share/turtlebot3_navigation2/local_setup.zsh
[0.598s] -- Up-to-date: /home/daniiarr/colcon_ws/install/turtlebot3_navigation2/share/turtlebot3_navigation2/local_setup.dsv
[0.598s] -- Installing: /home/daniiarr/colcon_ws/install/turtlebot3_navigation2/share/turtlebot3_navigation2/package.dsv
[0.598s] -- Up-to-date: /home/daniiarr/colcon_ws/install/turtlebot3_navigation2/share/ament_index/resource_index/packages/turtlebot3_navigation2
[0.598s] -- Up-to-date: /home/daniiarr/colcon_ws/install/turtlebot3_navigation2/share/turtlebot3_navigation2/cmake/turtlebot3_navigation2Config.cmake
[0.598s] -- Up-to-date: /home/daniiarr/colcon_ws/install/turtlebot3_navigation2/share/turtlebot3_navigation2/cmake/turtlebot3_navigation2Config-version.cmake
[0.599s] -- Up-to-date: /home/daniiarr/colcon_ws/install/turtlebot3_navigation2/share/turtlebot3_navigation2/package.xml
[0.657s] Invoked command in '/home/daniiarr/colcon_ws/build/turtlebot3_navigation2' returned '0': CMAKE_PREFIX_PATH=/opt/ros/foxy /usr/bin/cmake --install /home/daniiarr/colcon_ws/build/turtlebot3_navigation2
