[0.849s] Invoking command in '/home/daniiarr/colcon_ws/src/turtlebot3_autonomous_navigation/src/turtlebot3/turtlebot3_teleop': PYTHONPATH=/home/daniiarr/colcon_ws/build/turtlebot3_teleop/prefix_override:/home/daniiarr/colcon_ws/install/turtlebot3_teleop/lib/python3.8/site-packages:${PYTHONPATH} /usr/bin/python3 setup.py egg_info --egg-base ../../../../../build/turtlebot3_teleop build --build-base /home/daniiarr/colcon_ws/build/turtlebot3_teleop/build install --record /home/daniiarr/colcon_ws/build/turtlebot3_teleop/install.log --single-version-externally-managed
[0.979s] running egg_info
[0.980s] writing ../../../../../build/turtlebot3_teleop/turtlebot3_teleop.egg-info/PKG-INFO
[0.980s] writing dependency_links to ../../../../../build/turtlebot3_teleop/turtlebot3_teleop.egg-info/dependency_links.txt
[0.980s] writing entry points to ../../../../../build/turtlebot3_teleop/turtlebot3_teleop.egg-info/entry_points.txt
[0.980s] writing requirements to ../../../../../build/turtlebot3_teleop/turtlebot3_teleop.egg-info/requires.txt
[0.981s] writing top-level names to ../../../../../build/turtlebot3_teleop/turtlebot3_teleop.egg-info/top_level.txt
[1.002s] reading manifest file '../../../../../build/turtlebot3_teleop/turtlebot3_teleop.egg-info/SOURCES.txt'
[1.002s] writing manifest file '../../../../../build/turtlebot3_teleop/turtlebot3_teleop.egg-info/SOURCES.txt'
[1.003s] running build
[1.003s] running build_py
[1.004s] running install
[1.004s] running install_lib
[1.005s] running install_data
[1.006s] running install_egg_info
[1.008s] removing '/home/daniiarr/colcon_ws/install/turtlebot3_teleop/lib/python3.8/site-packages/turtlebot3_teleop-2.1.4-py3.8.egg-info' (and everything under it)
[1.009s] Copying ../../../../../build/turtlebot3_teleop/turtlebot3_teleop.egg-info to /home/daniiarr/colcon_ws/install/turtlebot3_teleop/lib/python3.8/site-packages/turtlebot3_teleop-2.1.4-py3.8.egg-info
[1.009s] running install_scripts
[1.020s] Installing teleop_keyboard script to /home/daniiarr/colcon_ws/install/turtlebot3_teleop/lib/turtlebot3_teleop
[1.021s] writing list of installed files to '/home/daniiarr/colcon_ws/build/turtlebot3_teleop/install.log'
[1.036s] Invoked command in '/home/daniiarr/colcon_ws/src/turtlebot3_autonomous_navigation/src/turtlebot3/turtlebot3_teleop' returned '0': PYTHONPATH=/home/daniiarr/colcon_ws/build/turtlebot3_teleop/prefix_override:/home/daniiarr/colcon_ws/install/turtlebot3_teleop/lib/python3.8/site-packages:${PYTHONPATH} /usr/bin/python3 setup.py egg_info --egg-base ../../../../../build/turtlebot3_teleop build --build-base /home/daniiarr/colcon_ws/build/turtlebot3_teleop/build install --record /home/daniiarr/colcon_ws/build/turtlebot3_teleop/install.log --single-version-externally-managed
