[0.089s] Invoking command in '/home/daniiarr/colcon_ws/build/ros_autonomous_slam': /usr/bin/cmake /home/daniiarr/colcon_ws/src/ros_autonomous_slam -DCATKIN_INSTALL_INTO_PREFIX_ROOT=0 -DCMAKE_INSTALL_PREFIX=/home/daniiarr/colcon_ws/install/ros_autonomous_slam
[0.246s] -- The C compiler identification is GNU 9.4.0
[0.350s] -- The CXX compiler identification is GNU 9.4.0
[0.359s] -- Check for working C compiler: /usr/bin/cc
[0.407s] -- Check for working C compiler: /usr/bin/cc -- works
[0.408s] -- Detecting C compiler ABI info
[0.446s] -- Detecting C compiler ABI info - done
[0.455s] -- Detecting C compile features
[0.456s] -- Detecting C compile features - done
[0.459s] -- Check for working CXX compiler: /usr/bin/c++
[0.501s] -- Check for working CXX compiler: /usr/bin/c++ -- works
[0.502s] -- Detecting CXX compiler ABI info
[0.545s] -- Detecting CXX compiler ABI info - done
[0.554s] -- Detecting CXX compile features
[0.554s] -- Detecting CXX compile features - done
[0.567s] CMake Error at CMakeLists.txt:10 (find_package):
[0.567s]   By not providing "Findcatkin.cmake" in CMAKE_MODULE_PATH this project has
[0.568s]   asked CMake to find a package configuration file provided by "catkin", but
[0.568s]   CMake did not find one.
[0.568s] 
[0.568s]   Could not find a package configuration file provided by "catkin" with any
[0.568s]   of the following names:
[0.568s] 
[0.568s]     catkinConfig.cmake
[0.568s]     catkin-config.cmake
[0.568s] 
[0.568s]   Add the installation prefix of "catkin" to CMAKE_PREFIX_PATH or set
[0.568s]   "catkin_DIR" to a directory containing one of the above files.  If "catkin"
[0.568s]   provides a separate development package or SDK, be sure it has been
[0.568s]   installed.
[0.568s] 
[0.568s] 
[0.568s] -- Configuring incomplete, errors occurred!
[0.568s] See also "/home/daniiarr/colcon_ws/build/ros_autonomous_slam/CMakeFiles/CMakeOutput.log".
[0.569s] Invoked command in '/home/daniiarr/colcon_ws/build/ros_autonomous_slam' returned '1': /usr/bin/cmake /home/daniiarr/colcon_ws/src/ros_autonomous_slam -DCATKIN_INSTALL_INTO_PREFIX_ROOT=0 -DCMAKE_INSTALL_PREFIX=/home/daniiarr/colcon_ws/install/ros_autonomous_slam
