[0.128s] Invoking command in '/home/daniiarr/colcon_ws/build/turtlebot3': AMENT_PREFIX_PATH=/home/daniiarr/colcon_ws/install/turtlebot3_bringup:/home/daniiarr/colcon_ws/install/turtlebot3_teleop:/home/daniiarr/colcon_ws/install/turtlebot3_node:/home/daniiarr/colcon_ws/install/turtlebot3_navigation2:/home/daniiarr/colcon_ws/install/turtlebot3_example:/home/daniiarr/colcon_ws/install/turtlebot3_description:/home/daniiarr/colcon_ws/install/turtlebot3_cartographer:${AMENT_PREFIX_PATH} CMAKE_PREFIX_PATH=/home/daniiarr/colcon_ws/install/turtlebot3_bringup:/home/daniiarr/colcon_ws/install/turtlebot3_node:/home/daniiarr/colcon_ws/install/turtlebot3_navigation2:/home/daniiarr/colcon_ws/install/turtlebot3_description:/home/daniiarr/colcon_ws/install/turtlebot3_cartographer:/opt/ros/foxy PYTHONPATH=/home/daniiarr/colcon_ws/install/turtlebot3_teleop/lib/python3.8/site-packages:/home/daniiarr/colcon_ws/install/turtlebot3_example/lib/python3.8/site-packages:${PYTHONPATH} /usr/bin/cmake /home/daniiarr/colcon_ws/src/turtlebot3_autonomous_navigation/src/turtlebot3/turtlebot3 -DCMAKE_INSTALL_PREFIX=/home/daniiarr/colcon_ws/install/turtlebot3
[0.240s] -- The C compiler identification is GNU 9.4.0
[0.317s] -- The CXX compiler identification is GNU 9.4.0
[0.322s] -- Check for working C compiler: /usr/bin/cc
[0.569s] -- Check for working C compiler: /usr/bin/cc -- works
[0.571s] -- Detecting C compiler ABI info
[0.673s] -- Detecting C compiler ABI info - done
[0.687s] -- Detecting C compile features
[0.689s] -- Detecting C compile features - done
[0.690s] -- Check for working CXX compiler: /usr/bin/c++
[0.762s] -- Check for working CXX compiler: /usr/bin/c++ -- works
[0.763s] -- Detecting CXX compiler ABI info
[0.836s] -- Detecting CXX compiler ABI info - done
[0.845s] -- Detecting CXX compile features
[0.847s] -- Detecting CXX compile features - done
[0.849s] -- Found ament_cmake: 0.9.12 (/opt/ros/foxy/share/ament_cmake/cmake)
[0.868s] -- Found PythonInterp: /usr/bin/python3 (found suitable version "3.8.10", minimum required is "3") 
[0.868s] -- Using PYTHON_EXECUTABLE: /usr/bin/python3
[1.033s] -- Configuring done
[1.035s] -- Generating done
[1.035s] -- Build files have been written to: /home/daniiarr/colcon_ws/build/turtlebot3
[1.039s] Invoked command in '/home/daniiarr/colcon_ws/build/turtlebot3' returned '0': AMENT_PREFIX_PATH=/home/daniiarr/colcon_ws/install/turtlebot3_bringup:/home/daniiarr/colcon_ws/install/turtlebot3_teleop:/home/daniiarr/colcon_ws/install/turtlebot3_node:/home/daniiarr/colcon_ws/install/turtlebot3_navigation2:/home/daniiarr/colcon_ws/install/turtlebot3_example:/home/daniiarr/colcon_ws/install/turtlebot3_description:/home/daniiarr/colcon_ws/install/turtlebot3_cartographer:${AMENT_PREFIX_PATH} CMAKE_PREFIX_PATH=/home/daniiarr/colcon_ws/install/turtlebot3_bringup:/home/daniiarr/colcon_ws/install/turtlebot3_node:/home/daniiarr/colcon_ws/install/turtlebot3_navigation2:/home/daniiarr/colcon_ws/install/turtlebot3_description:/home/daniiarr/colcon_ws/install/turtlebot3_cartographer:/opt/ros/foxy PYTHONPATH=/home/daniiarr/colcon_ws/install/turtlebot3_teleop/lib/python3.8/site-packages:/home/daniiarr/colcon_ws/install/turtlebot3_example/lib/python3.8/site-packages:${PYTHONPATH} /usr/bin/cmake /home/daniiarr/colcon_ws/src/turtlebot3_autonomous_navigation/src/turtlebot3/turtlebot3 -DCMAKE_INSTALL_PREFIX=/home/daniiarr/colcon_ws/install/turtlebot3
[1.040s] Invoking command in '/home/daniiarr/colcon_ws/build/turtlebot3': AMENT_PREFIX_PATH=/home/daniiarr/colcon_ws/install/turtlebot3_bringup:/home/daniiarr/colcon_ws/install/turtlebot3_teleop:/home/daniiarr/colcon_ws/install/turtlebot3_node:/home/daniiarr/colcon_ws/install/turtlebot3_navigation2:/home/daniiarr/colcon_ws/install/turtlebot3_example:/home/daniiarr/colcon_ws/install/turtlebot3_description:/home/daniiarr/colcon_ws/install/turtlebot3_cartographer:${AMENT_PREFIX_PATH} CMAKE_PREFIX_PATH=/home/daniiarr/colcon_ws/install/turtlebot3_bringup:/home/daniiarr/colcon_ws/install/turtlebot3_node:/home/daniiarr/colcon_ws/install/turtlebot3_navigation2:/home/daniiarr/colcon_ws/install/turtlebot3_description:/home/daniiarr/colcon_ws/install/turtlebot3_cartographer:/opt/ros/foxy PYTHONPATH=/home/daniiarr/colcon_ws/install/turtlebot3_teleop/lib/python3.8/site-packages:/home/daniiarr/colcon_ws/install/turtlebot3_example/lib/python3.8/site-packages:${PYTHONPATH} /usr/bin/cmake --build /home/daniiarr/colcon_ws/build/turtlebot3 -- -j4 -l4
[1.067s] Invoked command in '/home/daniiarr/colcon_ws/build/turtlebot3' returned '0': AMENT_PREFIX_PATH=/home/daniiarr/colcon_ws/install/turtlebot3_bringup:/home/daniiarr/colcon_ws/install/turtlebot3_teleop:/home/daniiarr/colcon_ws/install/turtlebot3_node:/home/daniiarr/colcon_ws/install/turtlebot3_navigation2:/home/daniiarr/colcon_ws/install/turtlebot3_example:/home/daniiarr/colcon_ws/install/turtlebot3_description:/home/daniiarr/colcon_ws/install/turtlebot3_cartographer:${AMENT_PREFIX_PATH} CMAKE_PREFIX_PATH=/home/daniiarr/colcon_ws/install/turtlebot3_bringup:/home/daniiarr/colcon_ws/install/turtlebot3_node:/home/daniiarr/colcon_ws/install/turtlebot3_navigation2:/home/daniiarr/colcon_ws/install/turtlebot3_description:/home/daniiarr/colcon_ws/install/turtlebot3_cartographer:/opt/ros/foxy PYTHONPATH=/home/daniiarr/colcon_ws/install/turtlebot3_teleop/lib/python3.8/site-packages:/home/daniiarr/colcon_ws/install/turtlebot3_example/lib/python3.8/site-packages:${PYTHONPATH} /usr/bin/cmake --build /home/daniiarr/colcon_ws/build/turtlebot3 -- -j4 -l4
