[0.228s] Invoking command in '/home/daniiarr/colcon_ws/build/turtlebot3_navigation2': CMAKE_PREFIX_PATH=/opt/ros/foxy /usr/bin/cmake /home/daniiarr/colcon_ws/src/turtlebot3/turtlebot3_navigation2 -DCMAKE_INSTALL_PREFIX=/home/daniiarr/colcon_ws/install/turtlebot3_navigation2
[0.283s] -- The C compiler identification is GNU 9.4.0
[0.334s] -- The CXX compiler identification is GNU 9.4.0
[0.334s] -- Check for working C compiler: /usr/bin/cc
[0.388s] -- Check for working C compiler: /usr/bin/cc -- works
[0.388s] -- Detecting C compiler ABI info
[0.445s] -- Detecting C compiler ABI info - done
[0.454s] -- Detecting C compile features
[0.454s] -- Detecting C compile features - done
[0.457s] -- Check for working CXX compiler: /usr/bin/c++
[0.547s] -- Check for working CXX compiler: /usr/bin/c++ -- works
[0.547s] -- Detecting CXX compiler ABI info
[0.624s] -- Detecting CXX compiler ABI info - done
[0.632s] -- Detecting CXX compile features
[0.633s] -- Detecting CXX compile features - done
[0.634s] -- Found ament_cmake: 0.9.12 (/opt/ros/foxy/share/ament_cmake/cmake)
[0.657s] -- Found PythonInterp: /usr/bin/python3 (found suitable version "3.8.10", minimum required is "3") 
[0.662s] -- Using PYTHON_EXECUTABLE: /usr/bin/python3
[0.807s] -- Configuring done
[0.808s] -- Generating done
[0.809s] -- Build files have been written to: /home/daniiarr/colcon_ws/build/turtlebot3_navigation2
[0.812s] Invoked command in '/home/daniiarr/colcon_ws/build/turtlebot3_navigation2' returned '0': CMAKE_PREFIX_PATH=/opt/ros/foxy /usr/bin/cmake /home/daniiarr/colcon_ws/src/turtlebot3/turtlebot3_navigation2 -DCMAKE_INSTALL_PREFIX=/home/daniiarr/colcon_ws/install/turtlebot3_navigation2
[0.813s] Invoking command in '/home/daniiarr/colcon_ws/build/turtlebot3_navigation2': CMAKE_PREFIX_PATH=/opt/ros/foxy /usr/bin/cmake --build /home/daniiarr/colcon_ws/build/turtlebot3_navigation2 -- -j4 -l4
[0.968s] Invoked command in '/home/daniiarr/colcon_ws/build/turtlebot3_navigation2' returned '0': CMAKE_PREFIX_PATH=/opt/ros/foxy /usr/bin/cmake --build /home/daniiarr/colcon_ws/build/turtlebot3_navigation2 -- -j4 -l4
[1.005s] Invoking command in '/home/daniiarr/colcon_ws/build/turtlebot3_navigation2': CMAKE_PREFIX_PATH=/opt/ros/foxy /usr/bin/cmake --install /home/daniiarr/colcon_ws/build/turtlebot3_navigation2
[1.014s] -- Install configuration: ""
[1.014s] -- Installing: /home/daniiarr/colcon_ws/install/turtlebot3_navigation2/share/turtlebot3_navigation2/launch
[1.014s] -- Installing: /home/daniiarr/colcon_ws/install/turtlebot3_navigation2/share/turtlebot3_navigation2/launch/navigation2.launch.py
[1.014s] -- Installing: /home/daniiarr/colcon_ws/install/turtlebot3_navigation2/share/turtlebot3_navigation2/map
[1.015s] -- Installing: /home/daniiarr/colcon_ws/install/turtlebot3_navigation2/share/turtlebot3_navigation2/map/turtlebot3_world.yaml
[1.015s] -- Installing: /home/daniiarr/colcon_ws/install/turtlebot3_navigation2/share/turtlebot3_navigation2/map/cafe_world.yaml
[1.015s] -- Installing: /home/daniiarr/colcon_ws/install/turtlebot3_navigation2/share/turtlebot3_navigation2/map/turtlebot3_world_my.pgm
[1.015s] -- Installing: /home/daniiarr/colcon_ws/install/turtlebot3_navigation2/share/turtlebot3_navigation2/map/cafe_world.pgm
[1.015s] -- Installing: /home/daniiarr/colcon_ws/install/turtlebot3_navigation2/share/turtlebot3_navigation2/map/turtlebot3_world_my.yaml
[1.015s] -- Installing: /home/daniiarr/colcon_ws/install/turtlebot3_navigation2/share/turtlebot3_navigation2/map/turtlebot3_world.pgm
[1.015s] -- Installing: /home/daniiarr/colcon_ws/install/turtlebot3_navigation2/share/turtlebot3_navigation2/param
[1.015s] -- Installing: /home/daniiarr/colcon_ws/install/turtlebot3_navigation2/share/turtlebot3_navigation2/param/burger.yaml
[1.015s] -- Installing: /home/daniiarr/colcon_ws/install/turtlebot3_navigation2/share/turtlebot3_navigation2/param/waffle_pi.yaml
[1.015s] -- Installing: /home/daniiarr/colcon_ws/install/turtlebot3_navigation2/share/turtlebot3_navigation2/param/waffle.yaml
[1.015s] -- Installing: /home/daniiarr/colcon_ws/install/turtlebot3_navigation2/share/turtlebot3_navigation2/rviz
[1.015s] -- Installing: /home/daniiarr/colcon_ws/install/turtlebot3_navigation2/share/turtlebot3_navigation2/rviz/tb3_navigation2.rviz
[1.019s] -- Installing: /home/daniiarr/colcon_ws/install/turtlebot3_navigation2/share/ament_index/resource_index/package_run_dependencies/turtlebot3_navigation2
[1.019s] -- Installing: /home/daniiarr/colcon_ws/install/turtlebot3_navigation2/share/ament_index/resource_index/parent_prefix_path/turtlebot3_navigation2
[1.019s] -- Installing: /home/daniiarr/colcon_ws/install/turtlebot3_navigation2/share/turtlebot3_navigation2/environment/ament_prefix_path.sh
[1.019s] -- Installing: /home/daniiarr/colcon_ws/install/turtlebot3_navigation2/share/turtlebot3_navigation2/environment/ament_prefix_path.dsv
[1.019s] -- Installing: /home/daniiarr/colcon_ws/install/turtlebot3_navigation2/share/turtlebot3_navigation2/environment/path.sh
[1.019s] -- Installing: /home/daniiarr/colcon_ws/install/turtlebot3_navigation2/share/turtlebot3_navigation2/environment/path.dsv
[1.019s] -- Installing: /home/daniiarr/colcon_ws/install/turtlebot3_navigation2/share/turtlebot3_navigation2/local_setup.bash
[1.020s] -- Installing: /home/daniiarr/colcon_ws/install/turtlebot3_navigation2/share/turtlebot3_navigation2/local_setup.sh
[1.020s] -- Installing: /home/daniiarr/colcon_ws/install/turtlebot3_navigation2/share/turtlebot3_navigation2/local_setup.zsh
[1.020s] -- Installing: /home/daniiarr/colcon_ws/install/turtlebot3_navigation2/share/turtlebot3_navigation2/local_setup.dsv
[1.020s] -- Installing: /home/daniiarr/colcon_ws/install/turtlebot3_navigation2/share/turtlebot3_navigation2/package.dsv
[1.020s] -- Installing: /home/daniiarr/colcon_ws/install/turtlebot3_navigation2/share/ament_index/resource_index/packages/turtlebot3_navigation2
[1.020s] -- Installing: /home/daniiarr/colcon_ws/install/turtlebot3_navigation2/share/turtlebot3_navigation2/cmake/turtlebot3_navigation2Config.cmake
[1.020s] -- Installing: /home/daniiarr/colcon_ws/install/turtlebot3_navigation2/share/turtlebot3_navigation2/cmake/turtlebot3_navigation2Config-version.cmake
[1.020s] -- Installing: /home/daniiarr/colcon_ws/install/turtlebot3_navigation2/share/turtlebot3_navigation2/package.xml
[1.023s] Invoked command in '/home/daniiarr/colcon_ws/build/turtlebot3_navigation2' returned '0': CMAKE_PREFIX_PATH=/opt/ros/foxy /usr/bin/cmake --install /home/daniiarr/colcon_ws/build/turtlebot3_navigation2
