[0.276s] Invoking command in '/home/daniiarr/colcon_ws/build/turtlebot3_navigation2': CMAKE_PREFIX_PATH=/opt/ros/foxy /usr/bin/cmake /home/daniiarr/colcon_ws/src/turtlebot3_autonomous_navigation/src/turtlebot3/turtlebot3_navigation2 -DCMAKE_INSTALL_PREFIX=/home/daniiarr/colcon_ws/install/turtlebot3_navigation2
[0.336s] -- The C compiler identification is GNU 9.4.0
[0.371s] -- The CXX compiler identification is GNU 9.4.0
[0.374s] -- Check for working C compiler: /usr/bin/cc
[0.438s] -- Check for working C compiler: /usr/bin/cc -- works
[0.438s] -- Detecting C compiler ABI info
[0.489s] -- Detecting C compiler ABI info - done
[0.496s] -- Detecting C compile features
[0.497s] -- Detecting C compile features - done
[0.498s] -- Check for working CXX compiler: /usr/bin/c++
[0.564s] -- Check for working CXX compiler: /usr/bin/c++ -- works
[0.564s] -- Detecting CXX compiler ABI info
[0.619s] -- Detecting CXX compiler ABI info - done
[0.627s] -- Detecting CXX compile features
[0.627s] -- Detecting CXX compile features - done
[0.628s] -- Found ament_cmake: 0.9.12 (/opt/ros/foxy/share/ament_cmake/cmake)
[0.643s] -- Found PythonInterp: /usr/bin/python3 (found suitable version "3.8.10", minimum required is "3") 
[0.643s] -- Using PYTHON_EXECUTABLE: /usr/bin/python3
[0.783s] -- Configuring done
[0.785s] -- Generating done
[0.785s] -- Build files have been written to: /home/daniiarr/colcon_ws/build/turtlebot3_navigation2
[0.789s] Invoked command in '/home/daniiarr/colcon_ws/build/turtlebot3_navigation2' returned '0': CMAKE_PREFIX_PATH=/opt/ros/foxy /usr/bin/cmake /home/daniiarr/colcon_ws/src/turtlebot3_autonomous_navigation/src/turtlebot3/turtlebot3_navigation2 -DCMAKE_INSTALL_PREFIX=/home/daniiarr/colcon_ws/install/turtlebot3_navigation2
[0.790s] Invoking command in '/home/daniiarr/colcon_ws/build/turtlebot3_navigation2': CMAKE_PREFIX_PATH=/opt/ros/foxy /usr/bin/cmake --build /home/daniiarr/colcon_ws/build/turtlebot3_navigation2 -- -j4 -l4
[0.820s] Invoked command in '/home/daniiarr/colcon_ws/build/turtlebot3_navigation2' returned '0': CMAKE_PREFIX_PATH=/opt/ros/foxy /usr/bin/cmake --build /home/daniiarr/colcon_ws/build/turtlebot3_navigation2 -- -j4 -l4
[0.840s] Invoking command in '/home/daniiarr/colcon_ws/build/turtlebot3_navigation2': CMAKE_PREFIX_PATH=/opt/ros/foxy /usr/bin/cmake --install /home/daniiarr/colcon_ws/build/turtlebot3_navigation2
[0.851s] -- Install configuration: ""
[0.851s] -- Installing: /home/daniiarr/colcon_ws/install/turtlebot3_navigation2/share/turtlebot3_navigation2/launch
[0.851s] -- Installing: /home/daniiarr/colcon_ws/install/turtlebot3_navigation2/share/turtlebot3_navigation2/launch/navigation2.launch.py
[0.851s] -- Installing: /home/daniiarr/colcon_ws/install/turtlebot3_navigation2/share/turtlebot3_navigation2/map
[0.851s] -- Installing: /home/daniiarr/colcon_ws/install/turtlebot3_navigation2/share/turtlebot3_navigation2/map/turtlebot3_world.yaml
[0.851s] -- Installing: /home/daniiarr/colcon_ws/install/turtlebot3_navigation2/share/turtlebot3_navigation2/map/cafe_world.yaml
[0.852s] -- Installing: /home/daniiarr/colcon_ws/install/turtlebot3_navigation2/share/turtlebot3_navigation2/map/turtlebot3_world_my.pgm
[0.852s] -- Installing: /home/daniiarr/colcon_ws/install/turtlebot3_navigation2/share/turtlebot3_navigation2/map/cafe_world.pgm
[0.852s] -- Installing: /home/daniiarr/colcon_ws/install/turtlebot3_navigation2/share/turtlebot3_navigation2/map/turtlebot3_world_my.yaml
[0.852s] -- Installing: /home/daniiarr/colcon_ws/install/turtlebot3_navigation2/share/turtlebot3_navigation2/map/turtlebot3_world.pgm
[0.852s] -- Installing: /home/daniiarr/colcon_ws/install/turtlebot3_navigation2/share/turtlebot3_navigation2/param
[0.852s] -- Installing: /home/daniiarr/colcon_ws/install/turtlebot3_navigation2/share/turtlebot3_navigation2/param/burger.yaml
[0.852s] -- Installing: /home/daniiarr/colcon_ws/install/turtlebot3_navigation2/share/turtlebot3_navigation2/param/waffle_pi.yaml
[0.852s] -- Installing: /home/daniiarr/colcon_ws/install/turtlebot3_navigation2/share/turtlebot3_navigation2/param/waffle.yaml
[0.852s] -- Installing: /home/daniiarr/colcon_ws/install/turtlebot3_navigation2/share/turtlebot3_navigation2/rviz
[0.852s] -- Installing: /home/daniiarr/colcon_ws/install/turtlebot3_navigation2/share/turtlebot3_navigation2/rviz/tb3_navigation2.rviz
[0.852s] -- Installing: /home/daniiarr/colcon_ws/install/turtlebot3_navigation2/share/ament_index/resource_index/package_run_dependencies/turtlebot3_navigation2
[0.852s] -- Installing: /home/daniiarr/colcon_ws/install/turtlebot3_navigation2/share/ament_index/resource_index/parent_prefix_path/turtlebot3_navigation2
[0.852s] -- Installing: /home/daniiarr/colcon_ws/install/turtlebot3_navigation2/share/turtlebot3_navigation2/environment/ament_prefix_path.sh
[0.852s] -- Installing: /home/daniiarr/colcon_ws/install/turtlebot3_navigation2/share/turtlebot3_navigation2/environment/ament_prefix_path.dsv
[0.852s] -- Installing: /home/daniiarr/colcon_ws/install/turtlebot3_navigation2/share/turtlebot3_navigation2/environment/path.sh
[0.852s] -- Installing: /home/daniiarr/colcon_ws/install/turtlebot3_navigation2/share/turtlebot3_navigation2/environment/path.dsv
[0.852s] -- Installing: /home/daniiarr/colcon_ws/install/turtlebot3_navigation2/share/turtlebot3_navigation2/local_setup.bash
[0.852s] -- Installing: /home/daniiarr/colcon_ws/install/turtlebot3_navigation2/share/turtlebot3_navigation2/local_setup.sh
[0.852s] -- Installing: /home/daniiarr/colcon_ws/install/turtlebot3_navigation2/share/turtlebot3_navigation2/local_setup.zsh
[0.852s] -- Installing: /home/daniiarr/colcon_ws/install/turtlebot3_navigation2/share/turtlebot3_navigation2/local_setup.dsv
[0.852s] -- Installing: /home/daniiarr/colcon_ws/install/turtlebot3_navigation2/share/turtlebot3_navigation2/package.dsv
[0.852s] -- Installing: /home/daniiarr/colcon_ws/install/turtlebot3_navigation2/share/ament_index/resource_index/packages/turtlebot3_navigation2
[0.852s] -- Installing: /home/daniiarr/colcon_ws/install/turtlebot3_navigation2/share/turtlebot3_navigation2/cmake/turtlebot3_navigation2Config.cmake
[0.852s] -- Installing: /home/daniiarr/colcon_ws/install/turtlebot3_navigation2/share/turtlebot3_navigation2/cmake/turtlebot3_navigation2Config-version.cmake
[0.852s] -- Installing: /home/daniiarr/colcon_ws/install/turtlebot3_navigation2/share/turtlebot3_navigation2/package.xml
[0.863s] Invoked command in '/home/daniiarr/colcon_ws/build/turtlebot3_navigation2' returned '0': CMAKE_PREFIX_PATH=/opt/ros/foxy /usr/bin/cmake --install /home/daniiarr/colcon_ws/build/turtlebot3_navigation2
