[0.766s] Invoking command in '/home/daniiarr/colcon_ws/src/turtlebot3_autonomous_navigation/src/turtlebot3/turtlebot3_example': PYTHONPATH=/home/daniiarr/colcon_ws/build/turtlebot3_example/prefix_override:/home/daniiarr/colcon_ws/install/turtlebot3_example/lib/python3.8/site-packages:${PYTHONPATH} /usr/bin/python3 setup.py egg_info --egg-base ../../../../../build/turtlebot3_example build --build-base /home/daniiarr/colcon_ws/build/turtlebot3_example/build install --record /home/daniiarr/colcon_ws/build/turtlebot3_example/install.log --single-version-externally-managed
[0.946s] running egg_info
[0.946s] writing ../../../../../build/turtlebot3_example/turtlebot3_example.egg-info/PKG-INFO
[0.946s] writing dependency_links to ../../../../../build/turtlebot3_example/turtlebot3_example.egg-info/dependency_links.txt
[0.946s] writing entry points to ../../../../../build/turtlebot3_example/turtlebot3_example.egg-info/entry_points.txt
[0.946s] writing requirements to ../../../../../build/turtlebot3_example/turtlebot3_example.egg-info/requires.txt
[0.946s] writing top-level names to ../../../../../build/turtlebot3_example/turtlebot3_example.egg-info/top_level.txt
[0.947s] reading manifest file '../../../../../build/turtlebot3_example/turtlebot3_example.egg-info/SOURCES.txt'
[0.947s] writing manifest file '../../../../../build/turtlebot3_example/turtlebot3_example.egg-info/SOURCES.txt'
[0.947s] running build
[0.947s] running build_py
[0.947s] running install
[0.947s] running install_lib
[0.947s] running install_data
[0.947s] running install_egg_info
[0.947s] removing '/home/daniiarr/colcon_ws/install/turtlebot3_example/lib/python3.8/site-packages/turtlebot3_example-2.1.4-py3.8.egg-info' (and everything under it)
[0.947s] Copying ../../../../../build/turtlebot3_example/turtlebot3_example.egg-info to /home/daniiarr/colcon_ws/install/turtlebot3_example/lib/python3.8/site-packages/turtlebot3_example-2.1.4-py3.8.egg-info
[0.947s] running install_scripts
[0.948s] Installing turtlebot3_obstacle_detection script to /home/daniiarr/colcon_ws/install/turtlebot3_example/lib/turtlebot3_example
[0.948s] Installing turtlebot3_patrol_client script to /home/daniiarr/colcon_ws/install/turtlebot3_example/lib/turtlebot3_example
[0.948s] Installing turtlebot3_patrol_server script to /home/daniiarr/colcon_ws/install/turtlebot3_example/lib/turtlebot3_example
[0.948s] Installing turtlebot3_position_control script to /home/daniiarr/colcon_ws/install/turtlebot3_example/lib/turtlebot3_example
[0.948s] writing list of installed files to '/home/daniiarr/colcon_ws/build/turtlebot3_example/install.log'
[1.043s] Invoked command in '/home/daniiarr/colcon_ws/src/turtlebot3_autonomous_navigation/src/turtlebot3/turtlebot3_example' returned '0': PYTHONPATH=/home/daniiarr/colcon_ws/build/turtlebot3_example/prefix_override:/home/daniiarr/colcon_ws/install/turtlebot3_example/lib/python3.8/site-packages:${PYTHONPATH} /usr/bin/python3 setup.py egg_info --egg-base ../../../../../build/turtlebot3_example build --build-base /home/daniiarr/colcon_ws/build/turtlebot3_example/build install --record /home/daniiarr/colcon_ws/build/turtlebot3_example/install.log --single-version-externally-managed
