[0.778s] Invoking command in '/home/daniiarr/colcon_ws/src/turtlebot3_autonomous_navigation/src/turtlebot3/turtlebot3_teleop': PYTHONPATH=/home/daniiarr/colcon_ws/build/turtlebot3_teleop/prefix_override:/home/daniiarr/colcon_ws/install/turtlebot3_teleop/lib/python3.8/site-packages:${PYTHONPATH} /usr/bin/python3 setup.py egg_info --egg-base ../../../../../build/turtlebot3_teleop build --build-base /home/daniiarr/colcon_ws/build/turtlebot3_teleop/build install --record /home/daniiarr/colcon_ws/build/turtlebot3_teleop/install.log --single-version-externally-managed
[0.887s] running egg_info
[0.890s] writing ../../../../../build/turtlebot3_teleop/turtlebot3_teleop.egg-info/PKG-INFO
[0.890s] writing dependency_links to ../../../../../build/turtlebot3_teleop/turtlebot3_teleop.egg-info/dependency_links.txt
[0.890s] writing entry points to ../../../../../build/turtlebot3_teleop/turtlebot3_teleop.egg-info/entry_points.txt
[0.890s] writing requirements to ../../../../../build/turtlebot3_teleop/turtlebot3_teleop.egg-info/requires.txt
[0.890s] writing top-level names to ../../../../../build/turtlebot3_teleop/turtlebot3_teleop.egg-info/top_level.txt
[0.909s] reading manifest file '../../../../../build/turtlebot3_teleop/turtlebot3_teleop.egg-info/SOURCES.txt'
[0.909s] writing manifest file '../../../../../build/turtlebot3_teleop/turtlebot3_teleop.egg-info/SOURCES.txt'
[0.909s] running build
[0.909s] running build_py
[0.909s] running install
[0.909s] running install_lib
[0.910s] running install_data
[0.910s] running install_egg_info
[0.911s] removing '/home/daniiarr/colcon_ws/install/turtlebot3_teleop/lib/python3.8/site-packages/turtlebot3_teleop-2.1.4-py3.8.egg-info' (and everything under it)
[0.911s] Copying ../../../../../build/turtlebot3_teleop/turtlebot3_teleop.egg-info to /home/daniiarr/colcon_ws/install/turtlebot3_teleop/lib/python3.8/site-packages/turtlebot3_teleop-2.1.4-py3.8.egg-info
[0.911s] running install_scripts
[0.922s] Installing teleop_keyboard script to /home/daniiarr/colcon_ws/install/turtlebot3_teleop/lib/turtlebot3_teleop
[0.922s] writing list of installed files to '/home/daniiarr/colcon_ws/build/turtlebot3_teleop/install.log'
[0.940s] Invoked command in '/home/daniiarr/colcon_ws/src/turtlebot3_autonomous_navigation/src/turtlebot3/turtlebot3_teleop' returned '0': PYTHONPATH=/home/daniiarr/colcon_ws/build/turtlebot3_teleop/prefix_override:/home/daniiarr/colcon_ws/install/turtlebot3_teleop/lib/python3.8/site-packages:${PYTHONPATH} /usr/bin/python3 setup.py egg_info --egg-base ../../../../../build/turtlebot3_teleop build --build-base /home/daniiarr/colcon_ws/build/turtlebot3_teleop/build install --record /home/daniiarr/colcon_ws/build/turtlebot3_teleop/install.log --single-version-externally-managed
