[0.580s] Invoking command in '/home/daniiarr/colcon_ws/src/turtlebot3/turtlebot3_example': PYTHONPATH=/home/daniiarr/colcon_ws/build/turtlebot3_example/prefix_override:/home/daniiarr/colcon_ws/install/turtlebot3_example/lib/python3.8/site-packages:${PYTHONPATH} /usr/bin/python3 setup.py egg_info --egg-base ../../../build/turtlebot3_example build --build-base /home/daniiarr/colcon_ws/build/turtlebot3_example/build install --record /home/daniiarr/colcon_ws/build/turtlebot3_example/install.log --single-version-externally-managed
[0.690s] running egg_info
[0.691s] creating ../../../build/turtlebot3_example/turtlebot3_example.egg-info
[0.691s] writing ../../../build/turtlebot3_example/turtlebot3_example.egg-info/PKG-INFO
[0.691s] writing dependency_links to ../../../build/turtlebot3_example/turtlebot3_example.egg-info/dependency_links.txt
[0.691s] writing entry points to ../../../build/turtlebot3_example/turtlebot3_example.egg-info/entry_points.txt
[0.691s] writing requirements to ../../../build/turtlebot3_example/turtlebot3_example.egg-info/requires.txt
[0.691s] writing top-level names to ../../../build/turtlebot3_example/turtlebot3_example.egg-info/top_level.txt
[0.696s] writing manifest file '../../../build/turtlebot3_example/turtlebot3_example.egg-info/SOURCES.txt'
[0.716s] reading manifest file '../../../build/turtlebot3_example/turtlebot3_example.egg-info/SOURCES.txt'
[0.716s] writing manifest file '../../../build/turtlebot3_example/turtlebot3_example.egg-info/SOURCES.txt'
[0.717s] running build
[0.717s] running build_py
[0.717s] creating /home/daniiarr/colcon_ws/build/turtlebot3_example/build
[0.717s] creating /home/daniiarr/colcon_ws/build/turtlebot3_example/build/lib
[0.717s] creating /home/daniiarr/colcon_ws/build/turtlebot3_example/build/lib/turtlebot3_example
[0.717s] copying turtlebot3_example/__init__.py -> /home/daniiarr/colcon_ws/build/turtlebot3_example/build/lib/turtlebot3_example
[0.717s] creating /home/daniiarr/colcon_ws/build/turtlebot3_example/build/lib/turtlebot3_example/turtlebot3_obstacle_detection
[0.717s] copying turtlebot3_example/turtlebot3_obstacle_detection/turtlebot3_obstacle_detection.py -> /home/daniiarr/colcon_ws/build/turtlebot3_example/build/lib/turtlebot3_example/turtlebot3_obstacle_detection
[0.717s] copying turtlebot3_example/turtlebot3_obstacle_detection/main.py -> /home/daniiarr/colcon_ws/build/turtlebot3_example/build/lib/turtlebot3_example/turtlebot3_obstacle_detection
[0.717s] copying turtlebot3_example/turtlebot3_obstacle_detection/__init__.py -> /home/daniiarr/colcon_ws/build/turtlebot3_example/build/lib/turtlebot3_example/turtlebot3_obstacle_detection
[0.718s] creating /home/daniiarr/colcon_ws/build/turtlebot3_example/build/lib/turtlebot3_example/turtlebot3_position_control
[0.718s] copying turtlebot3_example/turtlebot3_position_control/main.py -> /home/daniiarr/colcon_ws/build/turtlebot3_example/build/lib/turtlebot3_example/turtlebot3_position_control
[0.718s] copying turtlebot3_example/turtlebot3_position_control/turtlebot3_position_control.py -> /home/daniiarr/colcon_ws/build/turtlebot3_example/build/lib/turtlebot3_example/turtlebot3_position_control
[0.718s] copying turtlebot3_example/turtlebot3_position_control/turtlebot3_path.py -> /home/daniiarr/colcon_ws/build/turtlebot3_example/build/lib/turtlebot3_example/turtlebot3_position_control
[0.718s] copying turtlebot3_example/turtlebot3_position_control/__init__.py -> /home/daniiarr/colcon_ws/build/turtlebot3_example/build/lib/turtlebot3_example/turtlebot3_position_control
[0.718s] creating /home/daniiarr/colcon_ws/build/turtlebot3_example/build/lib/turtlebot3_example/turtlebot3_patrol_server
[0.718s] copying turtlebot3_example/turtlebot3_patrol_server/turtlebot3_patrol_server.py -> /home/daniiarr/colcon_ws/build/turtlebot3_example/build/lib/turtlebot3_example/turtlebot3_patrol_server
[0.718s] copying turtlebot3_example/turtlebot3_patrol_server/main.py -> /home/daniiarr/colcon_ws/build/turtlebot3_example/build/lib/turtlebot3_example/turtlebot3_patrol_server
[0.718s] copying turtlebot3_example/turtlebot3_patrol_server/turtlebot3_path.py -> /home/daniiarr/colcon_ws/build/turtlebot3_example/build/lib/turtlebot3_example/turtlebot3_patrol_server
[0.718s] copying turtlebot3_example/turtlebot3_patrol_server/__init__.py -> /home/daniiarr/colcon_ws/build/turtlebot3_example/build/lib/turtlebot3_example/turtlebot3_patrol_server
[0.719s] creating /home/daniiarr/colcon_ws/build/turtlebot3_example/build/lib/turtlebot3_example/turtlebot3_patrol_client
[0.719s] copying turtlebot3_example/turtlebot3_patrol_client/turtlebot3_patrol_client.py -> /home/daniiarr/colcon_ws/build/turtlebot3_example/build/lib/turtlebot3_example/turtlebot3_patrol_client
[0.719s] copying turtlebot3_example/turtlebot3_patrol_client/main.py -> /home/daniiarr/colcon_ws/build/turtlebot3_example/build/lib/turtlebot3_example/turtlebot3_patrol_client
[0.719s] copying turtlebot3_example/turtlebot3_patrol_client/__init__.py -> /home/daniiarr/colcon_ws/build/turtlebot3_example/build/lib/turtlebot3_example/turtlebot3_patrol_client
[0.719s] running install
[0.720s] running install_lib
[0.720s] creating /home/daniiarr/colcon_ws/install/turtlebot3_example/lib/python3.8/site-packages/turtlebot3_example
[0.720s] creating /home/daniiarr/colcon_ws/install/turtlebot3_example/lib/python3.8/site-packages/turtlebot3_example/turtlebot3_obstacle_detection
[0.720s] copying /home/daniiarr/colcon_ws/build/turtlebot3_example/build/lib/turtlebot3_example/turtlebot3_obstacle_detection/turtlebot3_obstacle_detection.py -> /home/daniiarr/colcon_ws/install/turtlebot3_example/lib/python3.8/site-packages/turtlebot3_example/turtlebot3_obstacle_detection
[0.720s] copying /home/daniiarr/colcon_ws/build/turtlebot3_example/build/lib/turtlebot3_example/turtlebot3_obstacle_detection/main.py -> /home/daniiarr/colcon_ws/install/turtlebot3_example/lib/python3.8/site-packages/turtlebot3_example/turtlebot3_obstacle_detection
[0.720s] copying /home/daniiarr/colcon_ws/build/turtlebot3_example/build/lib/turtlebot3_example/turtlebot3_obstacle_detection/__init__.py -> /home/daniiarr/colcon_ws/install/turtlebot3_example/lib/python3.8/site-packages/turtlebot3_example/turtlebot3_obstacle_detection
[0.720s] creating /home/daniiarr/colcon_ws/install/turtlebot3_example/lib/python3.8/site-packages/turtlebot3_example/turtlebot3_position_control
[0.720s] copying /home/daniiarr/colcon_ws/build/turtlebot3_example/build/lib/turtlebot3_example/turtlebot3_position_control/main.py -> /home/daniiarr/colcon_ws/install/turtlebot3_example/lib/python3.8/site-packages/turtlebot3_example/turtlebot3_position_control
[0.720s] copying /home/daniiarr/colcon_ws/build/turtlebot3_example/build/lib/turtlebot3_example/turtlebot3_position_control/turtlebot3_position_control.py -> /home/daniiarr/colcon_ws/install/turtlebot3_example/lib/python3.8/site-packages/turtlebot3_example/turtlebot3_position_control
[0.721s] copying /home/daniiarr/colcon_ws/build/turtlebot3_example/build/lib/turtlebot3_example/turtlebot3_position_control/turtlebot3_path.py -> /home/daniiarr/colcon_ws/install/turtlebot3_example/lib/python3.8/site-packages/turtlebot3_example/turtlebot3_position_control
[0.721s] copying /home/daniiarr/colcon_ws/build/turtlebot3_example/build/lib/turtlebot3_example/turtlebot3_position_control/__init__.py -> /home/daniiarr/colcon_ws/install/turtlebot3_example/lib/python3.8/site-packages/turtlebot3_example/turtlebot3_position_control
[0.721s] creating /home/daniiarr/colcon_ws/install/turtlebot3_example/lib/python3.8/site-packages/turtlebot3_example/turtlebot3_patrol_server
[0.721s] copying /home/daniiarr/colcon_ws/build/turtlebot3_example/build/lib/turtlebot3_example/turtlebot3_patrol_server/turtlebot3_patrol_server.py -> /home/daniiarr/colcon_ws/install/turtlebot3_example/lib/python3.8/site-packages/turtlebot3_example/turtlebot3_patrol_server
[0.721s] copying /home/daniiarr/colcon_ws/build/turtlebot3_example/build/lib/turtlebot3_example/turtlebot3_patrol_server/main.py -> /home/daniiarr/colcon_ws/install/turtlebot3_example/lib/python3.8/site-packages/turtlebot3_example/turtlebot3_patrol_server
[0.721s] copying /home/daniiarr/colcon_ws/build/turtlebot3_example/build/lib/turtlebot3_example/turtlebot3_patrol_server/turtlebot3_path.py -> /home/daniiarr/colcon_ws/install/turtlebot3_example/lib/python3.8/site-packages/turtlebot3_example/turtlebot3_patrol_server
[0.721s] copying /home/daniiarr/colcon_ws/build/turtlebot3_example/build/lib/turtlebot3_example/turtlebot3_patrol_server/__init__.py -> /home/daniiarr/colcon_ws/install/turtlebot3_example/lib/python3.8/site-packages/turtlebot3_example/turtlebot3_patrol_server
[0.721s] creating /home/daniiarr/colcon_ws/install/turtlebot3_example/lib/python3.8/site-packages/turtlebot3_example/turtlebot3_patrol_client
[0.721s] copying /home/daniiarr/colcon_ws/build/turtlebot3_example/build/lib/turtlebot3_example/turtlebot3_patrol_client/turtlebot3_patrol_client.py -> /home/daniiarr/colcon_ws/install/turtlebot3_example/lib/python3.8/site-packages/turtlebot3_example/turtlebot3_patrol_client
[0.721s] copying /home/daniiarr/colcon_ws/build/turtlebot3_example/build/lib/turtlebot3_example/turtlebot3_patrol_client/main.py -> /home/daniiarr/colcon_ws/install/turtlebot3_example/lib/python3.8/site-packages/turtlebot3_example/turtlebot3_patrol_client
[0.721s] copying /home/daniiarr/colcon_ws/build/turtlebot3_example/build/lib/turtlebot3_example/turtlebot3_patrol_client/__init__.py -> /home/daniiarr/colcon_ws/install/turtlebot3_example/lib/python3.8/site-packages/turtlebot3_example/turtlebot3_patrol_client
[0.721s] copying /home/daniiarr/colcon_ws/build/turtlebot3_example/build/lib/turtlebot3_example/__init__.py -> /home/daniiarr/colcon_ws/install/turtlebot3_example/lib/python3.8/site-packages/turtlebot3_example
[0.722s] byte-compiling /home/daniiarr/colcon_ws/install/turtlebot3_example/lib/python3.8/site-packages/turtlebot3_example/turtlebot3_obstacle_detection/turtlebot3_obstacle_detection.py to turtlebot3_obstacle_detection.cpython-38.pyc
[0.723s] byte-compiling /home/daniiarr/colcon_ws/install/turtlebot3_example/lib/python3.8/site-packages/turtlebot3_example/turtlebot3_obstacle_detection/main.py to main.cpython-38.pyc
[0.723s] byte-compiling /home/daniiarr/colcon_ws/install/turtlebot3_example/lib/python3.8/site-packages/turtlebot3_example/turtlebot3_obstacle_detection/__init__.py to __init__.cpython-38.pyc
[0.723s] byte-compiling /home/daniiarr/colcon_ws/install/turtlebot3_example/lib/python3.8/site-packages/turtlebot3_example/turtlebot3_position_control/main.py to main.cpython-38.pyc
[0.723s] byte-compiling /home/daniiarr/colcon_ws/install/turtlebot3_example/lib/python3.8/site-packages/turtlebot3_example/turtlebot3_position_control/turtlebot3_position_control.py to turtlebot3_position_control.cpython-38.pyc
[0.724s] byte-compiling /home/daniiarr/colcon_ws/install/turtlebot3_example/lib/python3.8/site-packages/turtlebot3_example/turtlebot3_position_control/turtlebot3_path.py to turtlebot3_path.cpython-38.pyc
[0.724s] byte-compiling /home/daniiarr/colcon_ws/install/turtlebot3_example/lib/python3.8/site-packages/turtlebot3_example/turtlebot3_position_control/__init__.py to __init__.cpython-38.pyc
[0.724s] byte-compiling /home/daniiarr/colcon_ws/install/turtlebot3_example/lib/python3.8/site-packages/turtlebot3_example/turtlebot3_patrol_server/turtlebot3_patrol_server.py to turtlebot3_patrol_server.cpython-38.pyc
[0.724s] byte-compiling /home/daniiarr/colcon_ws/install/turtlebot3_example/lib/python3.8/site-packages/turtlebot3_example/turtlebot3_patrol_server/main.py to main.cpython-38.pyc
[0.724s] byte-compiling /home/daniiarr/colcon_ws/install/turtlebot3_example/lib/python3.8/site-packages/turtlebot3_example/turtlebot3_patrol_server/turtlebot3_path.py to turtlebot3_path.cpython-38.pyc
[0.725s] byte-compiling /home/daniiarr/colcon_ws/install/turtlebot3_example/lib/python3.8/site-packages/turtlebot3_example/turtlebot3_patrol_server/__init__.py to __init__.cpython-38.pyc
[0.725s] byte-compiling /home/daniiarr/colcon_ws/install/turtlebot3_example/lib/python3.8/site-packages/turtlebot3_example/turtlebot3_patrol_client/turtlebot3_patrol_client.py to turtlebot3_patrol_client.cpython-38.pyc
[0.725s] byte-compiling /home/daniiarr/colcon_ws/install/turtlebot3_example/lib/python3.8/site-packages/turtlebot3_example/turtlebot3_patrol_client/main.py to main.cpython-38.pyc
[0.725s] byte-compiling /home/daniiarr/colcon_ws/install/turtlebot3_example/lib/python3.8/site-packages/turtlebot3_example/turtlebot3_patrol_client/__init__.py to __init__.cpython-38.pyc
[0.725s] byte-compiling /home/daniiarr/colcon_ws/install/turtlebot3_example/lib/python3.8/site-packages/turtlebot3_example/__init__.py to __init__.cpython-38.pyc
[0.725s] running install_data
[0.726s] creating /home/daniiarr/colcon_ws/install/turtlebot3_example/share/ament_index
[0.726s] creating /home/daniiarr/colcon_ws/install/turtlebot3_example/share/ament_index/resource_index
[0.726s] creating /home/daniiarr/colcon_ws/install/turtlebot3_example/share/ament_index/resource_index/packages
[0.726s] copying resource/turtlebot3_example -> /home/daniiarr/colcon_ws/install/turtlebot3_example/share/ament_index/resource_index/packages
[0.726s] copying package.xml -> /home/daniiarr/colcon_ws/install/turtlebot3_example/share/turtlebot3_example
[0.726s] running install_egg_info
[0.727s] Copying ../../../build/turtlebot3_example/turtlebot3_example.egg-info to /home/daniiarr/colcon_ws/install/turtlebot3_example/lib/python3.8/site-packages/turtlebot3_example-2.1.4-py3.8.egg-info
[0.728s] running install_scripts
[0.738s] Installing turtlebot3_obstacle_detection script to /home/daniiarr/colcon_ws/install/turtlebot3_example/lib/turtlebot3_example
[0.738s] Installing turtlebot3_patrol_client script to /home/daniiarr/colcon_ws/install/turtlebot3_example/lib/turtlebot3_example
[0.738s] Installing turtlebot3_patrol_server script to /home/daniiarr/colcon_ws/install/turtlebot3_example/lib/turtlebot3_example
[0.739s] Installing turtlebot3_position_control script to /home/daniiarr/colcon_ws/install/turtlebot3_example/lib/turtlebot3_example
[0.739s] writing list of installed files to '/home/daniiarr/colcon_ws/build/turtlebot3_example/install.log'
[0.759s] Invoked command in '/home/daniiarr/colcon_ws/src/turtlebot3/turtlebot3_example' returned '0': PYTHONPATH=/home/daniiarr/colcon_ws/build/turtlebot3_example/prefix_override:/home/daniiarr/colcon_ws/install/turtlebot3_example/lib/python3.8/site-packages:${PYTHONPATH} /usr/bin/python3 setup.py egg_info --egg-base ../../../build/turtlebot3_example build --build-base /home/daniiarr/colcon_ws/build/turtlebot3_example/build install --record /home/daniiarr/colcon_ws/build/turtlebot3_example/install.log --single-version-externally-managed
